{"/home/runner/work/polyman/polyman/src/executor.ts": {"path":"/home/runner/work/polyman/polyman/src/executor.ts","statementMap":{"0":{"start":{"line":68,"column":26},"end":{"line":68,"column":null}},"1":{"start":{"line":69,"column":27},"end":{"line":69,"column":null}},"2":{"start":{"line":70,"column":29},"end":{"line":70,"column":null}},"3":{"start":{"line":88,"column":2},"end":{"line":88,"column":null}},"4":{"start":{"line":89,"column":2},"end":{"line":89,"column":null}},"5":{"start":{"line":122,"column":27},"end":{"line":125,"column":null}},"6":{"start":{"line":126,"column":28},"end":{"line":126,"column":null}},"7":{"start":{"line":128,"column":4},"end":{"line":163,"column":null}},"8":{"start":{"line":129,"column":41},"end":{"line":132,"column":null}},"9":{"start":{"line":133,"column":25},"end":{"line":133,"column":null}},"10":{"start":{"line":136,"column":46},"end":{"line":138,"column":null}},"11":{"start":{"line":139,"column":6},"end":{"line":152,"column":null}},"12":{"start":{"line":141,"column":10},"end":{"line":148,"column":null}},"13":{"start":{"line":151,"column":10},"end":{"line":151,"column":null}},"14":{"start":{"line":154,"column":6},"end":{"line":162,"column":null}},"15":{"start":{"line":187,"column":4},"end":{"line":187,"column":null}},"16":{"start":{"line":187,"column":24},"end":{"line":187,"column":null}},"17":{"start":{"line":189,"column":19},"end":{"line":189,"column":null}},"18":{"start":{"line":191,"column":4},"end":{"line":194,"column":null}},"19":{"start":{"line":193,"column":6},"end":{"line":193,"column":null}},"20":{"start":{"line":196,"column":4},"end":{"line":198,"column":null}},"21":{"start":{"line":197,"column":6},"end":{"line":197,"column":null}},"22":{"start":{"line":200,"column":26},"end":{"line":200,"column":null}},"23":{"start":{"line":201,"column":4},"end":{"line":201,"column":null}},"24":{"start":{"line":215,"column":4},"end":{"line":215,"column":null}},"25":{"start":{"line":215,"column":38},"end":{"line":215,"column":null}},"26":{"start":{"line":218,"column":18},"end":{"line":218,"column":null}},"27":{"start":{"line":219,"column":4},"end":{"line":219,"column":null}},"28":{"start":{"line":219,"column":16},"end":{"line":219,"column":null}},"29":{"start":{"line":221,"column":10},"end":{"line":221,"column":null}},"30":{"start":{"line":222,"column":17},"end":{"line":222,"column":null}},"31":{"start":{"line":225,"column":25},"end":{"line":225,"column":null}},"32":{"start":{"line":226,"column":4},"end":{"line":228,"column":null}},"33":{"start":{"line":227,"column":6},"end":{"line":227,"column":null}},"34":{"start":{"line":229,"column":4},"end":{"line":232,"column":null}},"35":{"start":{"line":231,"column":6},"end":{"line":231,"column":null}},"36":{"start":{"line":235,"column":22},"end":{"line":235,"column":null}},"37":{"start":{"line":236,"column":22},"end":{"line":236,"column":null}},"38":{"start":{"line":237,"column":4},"end":{"line":237,"column":null}},"39":{"start":{"line":254,"column":10},"end":{"line":259,"column":null}},"40":{"start":{"line":261,"column":4},"end":{"line":261,"column":null}},"41":{"start":{"line":263,"column":4},"end":{"line":266,"column":null}},"42":{"start":{"line":281,"column":4},"end":{"line":288,"column":null}},"43":{"start":{"line":305,"column":23},"end":{"line":305,"column":null}},"44":{"start":{"line":307,"column":4},"end":{"line":309,"column":null}},"45":{"start":{"line":308,"column":6},"end":{"line":308,"column":null}},"46":{"start":{"line":311,"column":4},"end":{"line":313,"column":null}},"47":{"start":{"line":312,"column":6},"end":{"line":312,"column":null}},"48":{"start":{"line":315,"column":4},"end":{"line":315,"column":null}},"49":{"start":{"line":335,"column":20},"end":{"line":337,"column":null}},"50":{"start":{"line":336,"column":6},"end":{"line":336,"column":null}},"51":{"start":{"line":339,"column":19},"end":{"line":341,"column":null}},"52":{"start":{"line":340,"column":6},"end":{"line":340,"column":null}},"53":{"start":{"line":343,"column":4},"end":{"line":343,"column":null}},"54":{"start":{"line":371,"column":4},"end":{"line":371,"column":null}},"55":{"start":{"line":371,"column":47},"end":{"line":371,"column":null}},"56":{"start":{"line":373,"column":4},"end":{"line":373,"column":null}},"57":{"start":{"line":374,"column":4},"end":{"line":374,"column":null}},"58":{"start":{"line":376,"column":4},"end":{"line":381,"column":null}},"59":{"start":{"line":383,"column":4},"end":{"line":387,"column":null}},"60":{"start":{"line":384,"column":6},"end":{"line":386,"column":null}},"61":{"start":{"line":390,"column":4},"end":{"line":390,"column":null}},"62":{"start":{"line":392,"column":28},"end":{"line":422,"column":null}},"63":{"start":{"line":393,"column":6},"end":{"line":393,"column":null}},"64":{"start":{"line":396,"column":27},"end":{"line":396,"column":null}},"65":{"start":{"line":398,"column":6},"end":{"line":421,"column":null}},"66":{"start":{"line":399,"column":8},"end":{"line":399,"column":null}},"67":{"start":{"line":401,"column":8},"end":{"line":420,"column":null}},"68":{"start":{"line":402,"column":10},"end":{"line":415,"column":null}},"69":{"start":{"line":404,"column":14},"end":{"line":411,"column":null}},"70":{"start":{"line":405,"column":16},"end":{"line":405,"column":null}},"71":{"start":{"line":406,"column":16},"end":{"line":406,"column":null}},"72":{"start":{"line":408,"column":16},"end":{"line":410,"column":null}},"73":{"start":{"line":414,"column":14},"end":{"line":414,"column":null}},"74":{"start":{"line":417,"column":10},"end":{"line":419,"column":null}},"75":{"start":{"line":424,"column":4},"end":{"line":424,"column":null}},"76":{"start":{"line":454,"column":4},"end":{"line":484,"column":null}},"77":{"start":{"line":455,"column":6},"end":{"line":455,"column":null}},"78":{"start":{"line":455,"column":33},"end":{"line":455,"column":null}},"79":{"start":{"line":456,"column":6},"end":{"line":456,"column":null}},"80":{"start":{"line":457,"column":6},"end":{"line":457,"column":null}},"81":{"start":{"line":461,"column":22},"end":{"line":476,"column":null}},"82":{"start":{"line":462,"column":8},"end":{"line":462,"column":null}},"83":{"start":{"line":463,"column":8},"end":{"line":475,"column":null}},"84":{"start":{"line":464,"column":10},"end":{"line":472,"column":null}},"85":{"start":{"line":474,"column":10},"end":{"line":474,"column":null}},"86":{"start":{"line":478,"column":6},"end":{"line":483,"column":null}},"87":{"start":{"line":479,"column":8},"end":{"line":479,"column":null}},"88":{"start":{"line":481,"column":8},"end":{"line":481,"column":null}},"89":{"start":{"line":482,"column":8},"end":{"line":482,"column":null}},"90":{"start":{"line":486,"column":4},"end":{"line":496,"column":null}},"91":{"start":{"line":487,"column":6},"end":{"line":487,"column":null}},"92":{"start":{"line":487,"column":33},"end":{"line":487,"column":null}},"93":{"start":{"line":488,"column":6},"end":{"line":488,"column":null}},"94":{"start":{"line":489,"column":6},"end":{"line":489,"column":null}},"95":{"start":{"line":490,"column":6},"end":{"line":490,"column":null}},"96":{"start":{"line":491,"column":6},"end":{"line":495,"column":null}},"97":{"start":{"line":492,"column":8},"end":{"line":492,"column":null}},"98":{"start":{"line":494,"column":8},"end":{"line":494,"column":null}},"99":{"start":{"line":526,"column":4},"end":{"line":530,"column":null}},"100":{"start":{"line":532,"column":4},"end":{"line":535,"column":null}},"101":{"start":{"line":533,"column":6},"end":{"line":533,"column":null}},"102":{"start":{"line":534,"column":6},"end":{"line":534,"column":null}},"103":{"start":{"line":537,"column":4},"end":{"line":541,"column":null}},"104":{"start":{"line":538,"column":6},"end":{"line":538,"column":null}},"105":{"start":{"line":540,"column":6},"end":{"line":540,"column":null}},"106":{"start":{"line":569,"column":6},"end":{"line":571,"column":null}},"107":{"start":{"line":574,"column":6},"end":{"line":577,"column":null}},"108":{"start":{"line":579,"column":4},"end":{"line":579,"column":null}},"109":{"start":{"line":607,"column":4},"end":{"line":607,"column":null}},"110":{"start":{"line":608,"column":4},"end":{"line":608,"column":null}},"111":{"start":{"line":610,"column":4},"end":{"line":614,"column":null}},"112":{"start":{"line":611,"column":6},"end":{"line":613,"column":null}},"113":{"start":{"line":616,"column":4},"end":{"line":621,"column":null}},"114":{"start":{"line":617,"column":6},"end":{"line":617,"column":null}},"115":{"start":{"line":618,"column":6},"end":{"line":618,"column":null}},"116":{"start":{"line":620,"column":6},"end":{"line":620,"column":null}},"117":{"start":{"line":642,"column":4},"end":{"line":642,"column":null}},"118":{"start":{"line":644,"column":4},"end":{"line":646,"column":null}},"119":{"start":{"line":645,"column":6},"end":{"line":645,"column":null}},"120":{"start":{"line":648,"column":4},"end":{"line":648,"column":null}},"121":{"start":{"line":649,"column":4},"end":{"line":649,"column":null}},"122":{"start":{"line":672,"column":4},"end":{"line":672,"column":null}},"123":{"start":{"line":674,"column":4},"end":{"line":676,"column":null}},"124":{"start":{"line":675,"column":6},"end":{"line":675,"column":null}},"125":{"start":{"line":678,"column":4},"end":{"line":687,"column":null}},"126":{"start":{"line":679,"column":6},"end":{"line":679,"column":null}},"127":{"start":{"line":680,"column":6},"end":{"line":680,"column":null}},"128":{"start":{"line":682,"column":6},"end":{"line":686,"column":null}},"129":{"start":{"line":712,"column":4},"end":{"line":712,"column":null}},"130":{"start":{"line":713,"column":4},"end":{"line":713,"column":null}},"131":{"start":{"line":714,"column":4},"end":{"line":714,"column":null}},"132":{"start":{"line":716,"column":4},"end":{"line":718,"column":null}},"133":{"start":{"line":717,"column":6},"end":{"line":717,"column":null}},"134":{"start":{"line":720,"column":4},"end":{"line":725,"column":null}},"135":{"start":{"line":721,"column":6},"end":{"line":721,"column":null}},"136":{"start":{"line":722,"column":6},"end":{"line":722,"column":null}},"137":{"start":{"line":724,"column":6},"end":{"line":724,"column":null}},"138":{"start":{"line":747,"column":4},"end":{"line":764,"column":null}},"139":{"start":{"line":748,"column":6},"end":{"line":759,"column":null}},"140":{"start":{"line":749,"column":8},"end":{"line":752,"column":null}},"141":{"start":{"line":754,"column":8},"end":{"line":758,"column":null}},"142":{"start":{"line":755,"column":10},"end":{"line":755,"column":null}},"143":{"start":{"line":757,"column":10},"end":{"line":757,"column":null}},"144":{"start":{"line":761,"column":6},"end":{"line":761,"column":null}},"145":{"start":{"line":792,"column":30},"end":{"line":796,"column":null}},"146":{"start":{"line":797,"column":4},"end":{"line":797,"column":null}},"147":{"start":{"line":823,"column":17},"end":{"line":823,"column":null}},"148":{"start":{"line":825,"column":37},"end":{"line":832,"column":null}},"149":{"start":{"line":826,"column":6},"end":{"line":826,"column":null}},"150":{"start":{"line":826,"column":40},"end":{"line":826,"column":null}},"151":{"start":{"line":827,"column":14},"end":{"line":827,"column":null}},"152":{"start":{"line":828,"column":6},"end":{"line":828,"column":null}},"153":{"start":{"line":828,"column":30},"end":{"line":828,"column":null}},"154":{"start":{"line":829,"column":6},"end":{"line":829,"column":null}},"155":{"start":{"line":829,"column":31},"end":{"line":829,"column":null}},"156":{"start":{"line":830,"column":6},"end":{"line":830,"column":null}},"157":{"start":{"line":831,"column":6},"end":{"line":831,"column":null}},"158":{"start":{"line":834,"column":4},"end":{"line":837,"column":null}},"159":{"start":{"line":835,"column":21},"end":{"line":835,"column":null}},"160":{"start":{"line":836,"column":6},"end":{"line":836,"column":null}},"161":{"start":{"line":838,"column":4},"end":{"line":841,"column":null}},"162":{"start":{"line":839,"column":22},"end":{"line":839,"column":null}},"163":{"start":{"line":840,"column":6},"end":{"line":840,"column":null}},"164":{"start":{"line":842,"column":4},"end":{"line":842,"column":null}},"165":{"start":{"line":855,"column":4},"end":{"line":855,"column":null}},"166":{"start":{"line":874,"column":4},"end":{"line":874,"column":null}},"167":{"start":{"line":877,"column":4},"end":{"line":879,"column":null}},"168":{"start":{"line":878,"column":6},"end":{"line":878,"column":null}},"169":{"start":{"line":878,"column":35},"end":{"line":878,"column":59}},"170":{"start":{"line":881,"column":4},"end":{"line":881,"column":null}},"171":{"start":{"line":882,"column":4},"end":{"line":882,"column":null}},"172":{"start":{"line":897,"column":4},"end":{"line":906,"column":null}},"173":{"start":{"line":898,"column":6},"end":{"line":905,"column":null}},"174":{"start":{"line":899,"column":8},"end":{"line":904,"column":null}},"175":{"start":{"line":900,"column":10},"end":{"line":900,"column":null}},"176":{"start":{"line":901,"column":10},"end":{"line":901,"column":null}},"177":{"start":{"line":919,"column":4},"end":{"line":919,"column":null}},"178":{"start":{"line":937,"column":24},"end":{"line":937,"column":null}}},"fnMap":{"0":{"name":"(anonymous_0)","decl":{"start":{"line":87,"column":7},"end":{"line":87,"column":13}},"loc":{"start":{"line":87,"column":7},"end":{"line":89,"column":null}},"line":87},"1":{"name":"(anonymous_1)","decl":{"start":{"line":118,"column":8},"end":{"line":118,"column":null}},"loc":{"start":{"line":121,"column":30},"end":{"line":164,"column":null}},"line":121},"2":{"name":"(anonymous_2)","decl":{"start":{"line":128,"column":40},"end":{"line":128,"column":41}},"loc":{"start":{"line":128,"column":61},"end":{"line":163,"column":5}},"line":128},"3":{"name":"(anonymous_3)","decl":{"start":{"line":140,"column":14},"end":{"line":140,"column":20}},"loc":{"start":{"line":140,"column":20},"end":{"line":149,"column":9}},"line":140},"4":{"name":"(anonymous_4)","decl":{"start":{"line":150,"column":15},"end":{"line":150,"column":22}},"loc":{"start":{"line":150,"column":22},"end":{"line":152,"column":9}},"line":150},"5":{"name":"(anonymous_5)","decl":{"start":{"line":186,"column":10},"end":{"line":186,"column":27}},"loc":{"start":{"line":186,"column":76},"end":{"line":202,"column":null}},"line":186},"6":{"name":"(anonymous_6)","decl":{"start":{"line":214,"column":10},"end":{"line":214,"column":38}},"loc":{"start":{"line":214,"column":63},"end":{"line":238,"column":null}},"line":214},"7":{"name":"(anonymous_7)","decl":{"start":{"line":253,"column":10},"end":{"line":253,"column":23}},"loc":{"start":{"line":253,"column":67},"end":{"line":267,"column":null}},"line":253},"8":{"name":"(anonymous_8)","decl":{"start":{"line":280,"column":10},"end":{"line":280,"column":47}},"loc":{"start":{"line":280,"column":47},"end":{"line":289,"column":null}},"line":280},"9":{"name":"(anonymous_9)","decl":{"start":{"line":304,"column":10},"end":{"line":304,"column":33}},"loc":{"start":{"line":304,"column":54},"end":{"line":316,"column":null}},"line":304},"10":{"name":"(anonymous_10)","decl":{"start":{"line":307,"column":29},"end":{"line":307,"column":30}},"loc":{"start":{"line":307,"column":47},"end":{"line":309,"column":5}},"line":307},"11":{"name":"(anonymous_11)","decl":{"start":{"line":311,"column":29},"end":{"line":311,"column":30}},"loc":{"start":{"line":311,"column":47},"end":{"line":313,"column":5}},"line":311},"12":{"name":"(anonymous_12)","decl":{"start":{"line":332,"column":10},"end":{"line":332,"column":27}},"loc":{"start":{"line":332,"column":68},"end":{"line":344,"column":null}},"line":332},"13":{"name":"(anonymous_13)","decl":{"start":{"line":335,"column":38},"end":{"line":335,"column":49}},"loc":{"start":{"line":335,"column":49},"end":{"line":337,"column":5}},"line":335},"14":{"name":"(anonymous_14)","decl":{"start":{"line":339,"column":19},"end":{"line":339,"column":25}},"loc":{"start":{"line":339,"column":25},"end":{"line":341,"column":null}},"line":339},"15":{"name":"(anonymous_15)","decl":{"start":{"line":363,"column":10},"end":{"line":363,"column":null}},"loc":{"start":{"line":370,"column":4},"end":{"line":425,"column":null}},"line":370},"16":{"name":"(anonymous_16)","decl":{"start":{"line":392,"column":28},"end":{"line":392,"column":34}},"loc":{"start":{"line":392,"column":34},"end":{"line":422,"column":null}},"line":392},"17":{"name":"(anonymous_17)","decl":{"start":{"line":398,"column":17},"end":{"line":398,"column":23}},"loc":{"start":{"line":398,"column":23},"end":{"line":421,"column":9}},"line":398},"18":{"name":"(anonymous_18)","decl":{"start":{"line":403,"column":18},"end":{"line":403,"column":24}},"loc":{"start":{"line":403,"column":24},"end":{"line":412,"column":13}},"line":403},"19":{"name":"(anonymous_19)","decl":{"start":{"line":413,"column":19},"end":{"line":413,"column":null}},"loc":{"start":{"line":414,"column":14},"end":{"line":414,"column":null}},"line":414},"20":{"name":"(anonymous_20)","decl":{"start":{"line":445,"column":10},"end":{"line":445,"column":null}},"loc":{"start":{"line":453,"column":4},"end":{"line":497,"column":null}},"line":453},"21":{"name":"(anonymous_21)","decl":{"start":{"line":454,"column":22},"end":{"line":454,"column":23}},"loc":{"start":{"line":454,"column":40},"end":{"line":484,"column":5}},"line":454},"22":{"name":"(anonymous_22)","decl":{"start":{"line":461,"column":22},"end":{"line":461,"column":28}},"loc":{"start":{"line":461,"column":28},"end":{"line":476,"column":null}},"line":461},"23":{"name":"(anonymous_23)","decl":{"start":{"line":486,"column":22},"end":{"line":486,"column":29}},"loc":{"start":{"line":486,"column":29},"end":{"line":496,"column":5}},"line":486},"24":{"name":"(anonymous_24)","decl":{"start":{"line":517,"column":10},"end":{"line":517,"column":null}},"loc":{"start":{"line":525,"column":4},"end":{"line":542,"column":null}},"line":525},"25":{"name":"(anonymous_25)","decl":{"start":{"line":563,"column":10},"end":{"line":563,"column":null}},"loc":{"start":{"line":567,"column":13},"end":{"line":580,"column":null}},"line":567},"26":{"name":"(anonymous_26)","decl":{"start":{"line":599,"column":10},"end":{"line":599,"column":null}},"loc":{"start":{"line":606,"column":4},"end":{"line":622,"column":null}},"line":606},"27":{"name":"(anonymous_27)","decl":{"start":{"line":637,"column":10},"end":{"line":637,"column":null}},"loc":{"start":{"line":641,"column":4},"end":{"line":650,"column":null}},"line":641},"28":{"name":"(anonymous_28)","decl":{"start":{"line":666,"column":10},"end":{"line":666,"column":null}},"loc":{"start":{"line":671,"column":4},"end":{"line":688,"column":null}},"line":671},"29":{"name":"(anonymous_29)","decl":{"start":{"line":705,"column":10},"end":{"line":705,"column":null}},"loc":{"start":{"line":711,"column":4},"end":{"line":726,"column":null}},"line":711},"30":{"name":"(anonymous_30)","decl":{"start":{"line":746,"column":10},"end":{"line":746,"column":26}},"loc":{"start":{"line":746,"column":39},"end":{"line":765,"column":null}},"line":746},"31":{"name":"(anonymous_31)","decl":{"start":{"line":786,"column":8},"end":{"line":786,"column":null}},"loc":{"start":{"line":791,"column":30},"end":{"line":798,"column":null}},"line":791},"32":{"name":"(anonymous_32)","decl":{"start":{"line":818,"column":10},"end":{"line":818,"column":null}},"loc":{"start":{"line":822,"column":12},"end":{"line":843,"column":null}},"line":822},"33":{"name":"(anonymous_33)","decl":{"start":{"line":825,"column":37},"end":{"line":825,"column":38}},"loc":{"start":{"line":825,"column":52},"end":{"line":832,"column":null}},"line":825},"34":{"name":"(anonymous_34)","decl":{"start":{"line":854,"column":2},"end":{"line":854,"column":19}},"loc":{"start":{"line":854,"column":37},"end":{"line":856,"column":null}},"line":854},"35":{"name":"(anonymous_35)","decl":{"start":{"line":873,"column":8},"end":{"line":873,"column":33}},"loc":{"start":{"line":873,"column":33},"end":{"line":883,"column":null}},"line":873},"36":{"name":"(anonymous_36)","decl":{"start":{"line":878,"column":24},"end":{"line":878,"column":35}},"loc":{"start":{"line":878,"column":35},"end":{"line":878,"column":59}},"line":878},"37":{"name":"(anonymous_37)","decl":{"start":{"line":896,"column":10},"end":{"line":896,"column":35}},"loc":{"start":{"line":896,"column":35},"end":{"line":907,"column":null}},"line":896},"38":{"name":"(anonymous_38)","decl":{"start":{"line":918,"column":2},"end":{"line":918,"column":27}},"loc":{"start":{"line":918,"column":27},"end":{"line":920,"column":null}},"line":918}},"branchMap":{"0":{"loc":{"start":{"line":151,"column":17},"end":{"line":151,"column":68}},"type":"cond-expr","locations":[{"start":{"line":151,"column":40},"end":{"line":151,"column":46}},{"start":{"line":151,"column":46},"end":{"line":151,"column":68}}],"line":151},"1":{"loc":{"start":{"line":187,"column":4},"end":{"line":187,"column":null}},"type":"if","locations":[{"start":{"line":187,"column":4},"end":{"line":187,"column":null}},{"start":{},"end":{}}],"line":187},"2":{"loc":{"start":{"line":191,"column":4},"end":{"line":194,"column":null}},"type":"if","locations":[{"start":{"line":191,"column":4},"end":{"line":194,"column":null}},{"start":{},"end":{}}],"line":191},"3":{"loc":{"start":{"line":196,"column":4},"end":{"line":198,"column":null}},"type":"if","locations":[{"start":{"line":196,"column":4},"end":{"line":198,"column":null}},{"start":{},"end":{}}],"line":196},"4":{"loc":{"start":{"line":215,"column":4},"end":{"line":215,"column":null}},"type":"if","locations":[{"start":{"line":215,"column":4},"end":{"line":215,"column":null}},{"start":{},"end":{}}],"line":215},"5":{"loc":{"start":{"line":219,"column":4},"end":{"line":219,"column":null}},"type":"if","locations":[{"start":{"line":219,"column":4},"end":{"line":219,"column":null}},{"start":{},"end":{}}],"line":219},"6":{"loc":{"start":{"line":221,"column":24},"end":{"line":221,"column":52}},"type":"binary-expr","locations":[{"start":{"line":221,"column":24},"end":{"line":221,"column":36}},{"start":{"line":221,"column":36},"end":{"line":221,"column":48}},{"start":{"line":221,"column":48},"end":{"line":221,"column":52}}],"line":221},"7":{"loc":{"start":{"line":222,"column":17},"end":{"line":222,"column":null}},"type":"binary-expr","locations":[{"start":{"line":222,"column":17},"end":{"line":222,"column":29}},{"start":{"line":222,"column":29},"end":{"line":222,"column":null}}],"line":222},"8":{"loc":{"start":{"line":226,"column":4},"end":{"line":228,"column":null}},"type":"if","locations":[{"start":{"line":226,"column":4},"end":{"line":228,"column":null}},{"start":{},"end":{}}],"line":226},"9":{"loc":{"start":{"line":229,"column":4},"end":{"line":232,"column":null}},"type":"if","locations":[{"start":{"line":229,"column":4},"end":{"line":232,"column":null}},{"start":{},"end":{}}],"line":229},"10":{"loc":{"start":{"line":236,"column":22},"end":{"line":236,"column":null}},"type":"cond-expr","locations":[{"start":{"line":236,"column":34},"end":{"line":236,"column":58}},{"start":{"line":236,"column":58},"end":{"line":236,"column":null}}],"line":236},"11":{"loc":{"start":{"line":371,"column":4},"end":{"line":371,"column":null}},"type":"if","locations":[{"start":{"line":371,"column":4},"end":{"line":371,"column":null}},{"start":{},"end":{}}],"line":371},"12":{"loc":{"start":{"line":371,"column":8},"end":{"line":371,"column":47}},"type":"binary-expr","locations":[{"start":{"line":371,"column":8},"end":{"line":371,"column":33}},{"start":{"line":371,"column":33},"end":{"line":371,"column":47}}],"line":371},"13":{"loc":{"start":{"line":383,"column":4},"end":{"line":387,"column":null}},"type":"if","locations":[{"start":{"line":383,"column":4},"end":{"line":387,"column":null}},{"start":{},"end":{}}],"line":383},"14":{"loc":{"start":{"line":396,"column":27},"end":{"line":396,"column":null}},"type":"cond-expr","locations":[{"start":{"line":396,"column":58},"end":{"line":396,"column":65}},{"start":{"line":396,"column":65},"end":{"line":396,"column":null}}],"line":396},"15":{"loc":{"start":{"line":401,"column":8},"end":{"line":420,"column":null}},"type":"if","locations":[{"start":{"line":401,"column":8},"end":{"line":420,"column":null}},{"start":{"line":416,"column":15},"end":{"line":420,"column":null}}],"line":401},"16":{"loc":{"start":{"line":409,"column":18},"end":{"line":409,"column":null}},"type":"cond-expr","locations":[{"start":{"line":409,"column":43},"end":{"line":409,"column":51}},{"start":{"line":409,"column":51},"end":{"line":409,"column":null}}],"line":409},"17":{"loc":{"start":{"line":414,"column":21},"end":{"line":414,"column":78}},"type":"cond-expr","locations":[{"start":{"line":414,"column":46},"end":{"line":414,"column":54}},{"start":{"line":414,"column":54},"end":{"line":414,"column":78}}],"line":414},"18":{"loc":{"start":{"line":455,"column":6},"end":{"line":455,"column":null}},"type":"if","locations":[{"start":{"line":455,"column":6},"end":{"line":455,"column":null}},{"start":{},"end":{}}],"line":455},"19":{"loc":{"start":{"line":474,"column":17},"end":{"line":474,"column":74}},"type":"cond-expr","locations":[{"start":{"line":474,"column":42},"end":{"line":474,"column":50}},{"start":{"line":474,"column":50},"end":{"line":474,"column":74}}],"line":474},"20":{"loc":{"start":{"line":478,"column":6},"end":{"line":483,"column":null}},"type":"if","locations":[{"start":{"line":478,"column":6},"end":{"line":483,"column":null}},{"start":{"line":480,"column":13},"end":{"line":483,"column":null}}],"line":478},"21":{"loc":{"start":{"line":487,"column":6},"end":{"line":487,"column":null}},"type":"if","locations":[{"start":{"line":487,"column":6},"end":{"line":487,"column":null}},{"start":{},"end":{}}],"line":487},"22":{"loc":{"start":{"line":494,"column":15},"end":{"line":494,"column":72}},"type":"cond-expr","locations":[{"start":{"line":494,"column":40},"end":{"line":494,"column":48}},{"start":{"line":494,"column":48},"end":{"line":494,"column":72}}],"line":494},"23":{"loc":{"start":{"line":529,"column":16},"end":{"line":529,"column":null}},"type":"binary-expr","locations":[{"start":{"line":529,"column":16},"end":{"line":529,"column":24}},{"start":{"line":529,"column":24},"end":{"line":529,"column":null}}],"line":529},"24":{"loc":{"start":{"line":532,"column":4},"end":{"line":535,"column":null}},"type":"if","locations":[{"start":{"line":532,"column":4},"end":{"line":535,"column":null}},{"start":{},"end":{}}],"line":532},"25":{"loc":{"start":{"line":537,"column":4},"end":{"line":541,"column":null}},"type":"if","locations":[{"start":{"line":537,"column":4},"end":{"line":541,"column":null}},{"start":{"line":539,"column":11},"end":{"line":541,"column":null}}],"line":537},"26":{"loc":{"start":{"line":569,"column":6},"end":{"line":571,"column":null}},"type":"binary-expr","locations":[{"start":{"line":569,"column":6},"end":{"line":569,"column":null}},{"start":{"line":571,"column":6},"end":{"line":571,"column":null}}],"line":569},"27":{"loc":{"start":{"line":574,"column":6},"end":{"line":577,"column":null}},"type":"binary-expr","locations":[{"start":{"line":574,"column":6},"end":{"line":574,"column":null}},{"start":{"line":575,"column":6},"end":{"line":575,"column":null}},{"start":{"line":576,"column":6},"end":{"line":576,"column":null}},{"start":{"line":577,"column":6},"end":{"line":577,"column":null}}],"line":574},"28":{"loc":{"start":{"line":579,"column":11},"end":{"line":579,"column":null}},"type":"binary-expr","locations":[{"start":{"line":579,"column":11},"end":{"line":579,"column":32}},{"start":{"line":579,"column":32},"end":{"line":579,"column":null}}],"line":579},"29":{"loc":{"start":{"line":610,"column":4},"end":{"line":614,"column":null}},"type":"if","locations":[{"start":{"line":610,"column":4},"end":{"line":614,"column":null}},{"start":{},"end":{}}],"line":610},"30":{"loc":{"start":{"line":616,"column":4},"end":{"line":621,"column":null}},"type":"if","locations":[{"start":{"line":616,"column":4},"end":{"line":621,"column":null}},{"start":{"line":619,"column":11},"end":{"line":621,"column":null}}],"line":616},"31":{"loc":{"start":{"line":644,"column":4},"end":{"line":646,"column":null}},"type":"if","locations":[{"start":{"line":644,"column":4},"end":{"line":646,"column":null}},{"start":{},"end":{}}],"line":644},"32":{"loc":{"start":{"line":644,"column":8},"end":{"line":644,"column":42}},"type":"binary-expr","locations":[{"start":{"line":644,"column":8},"end":{"line":644,"column":27}},{"start":{"line":644,"column":27},"end":{"line":644,"column":42}}],"line":644},"33":{"loc":{"start":{"line":674,"column":4},"end":{"line":676,"column":null}},"type":"if","locations":[{"start":{"line":674,"column":4},"end":{"line":676,"column":null}},{"start":{},"end":{}}],"line":674},"34":{"loc":{"start":{"line":674,"column":8},"end":{"line":674,"column":42}},"type":"binary-expr","locations":[{"start":{"line":674,"column":8},"end":{"line":674,"column":27}},{"start":{"line":674,"column":27},"end":{"line":674,"column":42}}],"line":674},"35":{"loc":{"start":{"line":678,"column":4},"end":{"line":687,"column":null}},"type":"if","locations":[{"start":{"line":678,"column":4},"end":{"line":687,"column":null}},{"start":{"line":681,"column":11},"end":{"line":687,"column":null}}],"line":678},"36":{"loc":{"start":{"line":716,"column":4},"end":{"line":718,"column":null}},"type":"if","locations":[{"start":{"line":716,"column":4},"end":{"line":718,"column":null}},{"start":{},"end":{}}],"line":716},"37":{"loc":{"start":{"line":720,"column":4},"end":{"line":725,"column":null}},"type":"if","locations":[{"start":{"line":720,"column":4},"end":{"line":725,"column":null}},{"start":{"line":723,"column":11},"end":{"line":725,"column":null}}],"line":720},"38":{"loc":{"start":{"line":748,"column":6},"end":{"line":759,"column":null}},"type":"if","locations":[{"start":{"line":748,"column":6},"end":{"line":759,"column":null}},{"start":{"line":753,"column":13},"end":{"line":759,"column":null}}],"line":748},"39":{"loc":{"start":{"line":826,"column":6},"end":{"line":826,"column":null}},"type":"if","locations":[{"start":{"line":826,"column":6},"end":{"line":826,"column":null}},{"start":{},"end":{}}],"line":826},"40":{"loc":{"start":{"line":828,"column":6},"end":{"line":828,"column":null}},"type":"if","locations":[{"start":{"line":828,"column":6},"end":{"line":828,"column":null}},{"start":{},"end":{}}],"line":828},"41":{"loc":{"start":{"line":829,"column":6},"end":{"line":829,"column":null}},"type":"if","locations":[{"start":{"line":829,"column":6},"end":{"line":829,"column":null}},{"start":{},"end":{}}],"line":829},"42":{"loc":{"start":{"line":834,"column":4},"end":{"line":837,"column":null}},"type":"if","locations":[{"start":{"line":834,"column":4},"end":{"line":837,"column":null}},{"start":{},"end":{}}],"line":834},"43":{"loc":{"start":{"line":838,"column":4},"end":{"line":841,"column":null}},"type":"if","locations":[{"start":{"line":838,"column":4},"end":{"line":841,"column":null}},{"start":{},"end":{}}],"line":838},"44":{"loc":{"start":{"line":877,"column":4},"end":{"line":879,"column":null}},"type":"if","locations":[{"start":{"line":877,"column":4},"end":{"line":879,"column":null}},{"start":{},"end":{}}],"line":877},"45":{"loc":{"start":{"line":877,"column":8},"end":{"line":877,"column":71}},"type":"binary-expr","locations":[{"start":{"line":877,"column":8},"end":{"line":877,"column":40}},{"start":{"line":877,"column":40},"end":{"line":877,"column":71}}],"line":877},"46":{"loc":{"start":{"line":898,"column":6},"end":{"line":905,"column":null}},"type":"if","locations":[{"start":{"line":898,"column":6},"end":{"line":905,"column":null}},{"start":{},"end":{}}],"line":898}},"s":{"0":4,"1":4,"2":4,"3":4,"4":4,"5":6,"6":6,"7":6,"8":6,"9":6,"10":6,"11":6,"12":0,"13":0,"14":6,"15":6,"16":6,"17":0,"18":0,"19":0,"20":0,"21":0,"22":0,"23":0,"24":6,"25":6,"26":0,"27":0,"28":0,"29":0,"30":6,"31":6,"32":6,"33":0,"34":0,"35":0,"36":0,"37":0,"38":6,"39":6,"40":6,"41":6,"42":6,"43":6,"44":6,"45":0,"46":6,"47":6,"48":6,"49":6,"50":6,"51":6,"52":6,"53":6,"54":0,"55":0,"56":0,"57":0,"58":0,"59":0,"60":0,"61":0,"62":0,"63":0,"64":0,"65":0,"66":0,"67":0,"68":0,"69":0,"70":0,"71":0,"72":0,"73":0,"74":0,"75":0,"76":6,"77":6,"78":0,"79":6,"80":6,"81":6,"82":6,"83":6,"84":6,"85":0,"86":6,"87":0,"88":6,"89":6,"90":6,"91":0,"92":0,"93":0,"94":0,"95":0,"96":0,"97":0,"98":0,"99":6,"100":6,"101":0,"102":0,"103":6,"104":0,"105":6,"106":6,"107":6,"108":6,"109":0,"110":0,"111":0,"112":0,"113":0,"114":0,"115":0,"116":0,"117":0,"118":0,"119":0,"120":0,"121":0,"122":6,"123":6,"124":0,"125":6,"126":0,"127":0,"128":6,"129":0,"130":0,"131":0,"132":0,"133":0,"134":0,"135":0,"136":0,"137":0,"138":0,"139":0,"140":0,"141":0,"142":0,"143":0,"144":0,"145":0,"146":0,"147":0,"148":0,"149":0,"150":0,"151":0,"152":0,"153":0,"154":0,"155":0,"156":0,"157":0,"158":0,"159":0,"160":0,"161":0,"162":0,"163":0,"164":0,"165":0,"166":0,"167":0,"168":0,"169":0,"170":0,"171":0,"172":0,"173":0,"174":0,"175":0,"176":0,"177":0,"178":4},"f":{"0":4,"1":6,"2":6,"3":0,"4":0,"5":6,"6":6,"7":6,"8":6,"9":6,"10":0,"11":6,"12":6,"13":6,"14":6,"15":0,"16":0,"17":0,"18":0,"19":0,"20":6,"21":6,"22":6,"23":0,"24":6,"25":6,"26":0,"27":0,"28":6,"29":0,"30":0,"31":0,"32":0,"33":0,"34":0,"35":0,"36":0,"37":0,"38":0},"b":{"0":[0,0],"1":[6,0],"2":[0,0],"3":[0,0],"4":[6,0],"5":[0,0],"6":[0,0,0],"7":[6,0],"8":[0,6],"9":[0,0],"10":[0,0],"11":[0,0],"12":[0,0],"13":[0,0],"14":[0,0],"15":[0,0],"16":[0,0],"17":[0,0],"18":[0,6],"19":[0,0],"20":[0,6],"21":[0,0],"22":[0,0],"23":[6,0],"24":[0,6],"25":[0,6],"26":[6,6],"27":[6,6,6,6],"28":[6,6],"29":[0,0],"30":[0,0],"31":[0,0],"32":[0,0],"33":[0,6],"34":[6,0],"35":[0,6],"36":[0,0],"37":[0,0],"38":[0,0],"39":[0,0],"40":[0,0],"41":[0,0],"42":[0,0],"43":[0,0],"44":[0,0],"45":[0,0],"46":[0,0]},"meta":{"lastBranch":47,"lastFunction":39,"lastStatement":179,"seen":{"s:68:26:68:Infinity":0,"s:69:27:69:Infinity":1,"s:70:29:70:Infinity":2,"f:87:7:87:13":0,"s:88:2:88:Infinity":3,"s:89:2:89:Infinity":4,"f:118:8:118:Infinity":1,"s:122:27:125:Infinity":5,"s:126:28:126:Infinity":6,"s:128:4:163:Infinity":7,"f:128:40:128:41":2,"s:129:41:132:Infinity":8,"s:133:25:133:Infinity":9,"s:136:46:138:Infinity":10,"s:139:6:152:Infinity":11,"f:140:14:140:20":3,"s:141:10:148:Infinity":12,"f:150:15:150:22":4,"s:151:10:151:Infinity":13,"b:151:40:151:46:151:46:151:68":0,"s:154:6:162:Infinity":14,"f:186:10:186:27":5,"b:187:4:187:Infinity:undefined:undefined:undefined:undefined":1,"s:187:4:187:Infinity":15,"s:187:24:187:Infinity":16,"s:189:19:189:Infinity":17,"b:191:4:194:Infinity:undefined:undefined:undefined:undefined":2,"s:191:4:194:Infinity":18,"s:193:6:193:Infinity":19,"b:196:4:198:Infinity:undefined:undefined:undefined:undefined":3,"s:196:4:198:Infinity":20,"s:197:6:197:Infinity":21,"s:200:26:200:Infinity":22,"s:201:4:201:Infinity":23,"f:214:10:214:38":6,"b:215:4:215:Infinity:undefined:undefined:undefined:undefined":4,"s:215:4:215:Infinity":24,"s:215:38:215:Infinity":25,"s:218:18:218:Infinity":26,"b:219:4:219:Infinity:undefined:undefined:undefined:undefined":5,"s:219:4:219:Infinity":27,"s:219:16:219:Infinity":28,"s:221:10:221:Infinity":29,"b:221:24:221:36:221:36:221:48:221:48:221:52":6,"s:222:17:222:Infinity":30,"b:222:17:222:29:222:29:222:Infinity":7,"s:225:25:225:Infinity":31,"b:226:4:228:Infinity:undefined:undefined:undefined:undefined":8,"s:226:4:228:Infinity":32,"s:227:6:227:Infinity":33,"b:229:4:232:Infinity:undefined:undefined:undefined:undefined":9,"s:229:4:232:Infinity":34,"s:231:6:231:Infinity":35,"s:235:22:235:Infinity":36,"s:236:22:236:Infinity":37,"b:236:34:236:58:236:58:236:Infinity":10,"s:237:4:237:Infinity":38,"f:253:10:253:23":7,"s:254:10:259:Infinity":39,"s:261:4:261:Infinity":40,"s:263:4:266:Infinity":41,"f:280:10:280:47":8,"s:281:4:288:Infinity":42,"f:304:10:304:33":9,"s:305:23:305:Infinity":43,"s:307:4:309:Infinity":44,"f:307:29:307:30":10,"s:308:6:308:Infinity":45,"s:311:4:313:Infinity":46,"f:311:29:311:30":11,"s:312:6:312:Infinity":47,"s:315:4:315:Infinity":48,"f:332:10:332:27":12,"s:335:20:337:Infinity":49,"f:335:38:335:49":13,"s:336:6:336:Infinity":50,"s:339:19:341:Infinity":51,"f:339:19:339:25":14,"s:340:6:340:Infinity":52,"s:343:4:343:Infinity":53,"f:363:10:363:Infinity":15,"b:371:4:371:Infinity:undefined:undefined:undefined:undefined":11,"s:371:4:371:Infinity":54,"b:371:8:371:33:371:33:371:47":12,"s:371:47:371:Infinity":55,"s:373:4:373:Infinity":56,"s:374:4:374:Infinity":57,"s:376:4:381:Infinity":58,"b:383:4:387:Infinity:undefined:undefined:undefined:undefined":13,"s:383:4:387:Infinity":59,"s:384:6:386:Infinity":60,"s:390:4:390:Infinity":61,"s:392:28:422:Infinity":62,"f:392:28:392:34":16,"s:393:6:393:Infinity":63,"s:396:27:396:Infinity":64,"b:396:58:396:65:396:65:396:Infinity":14,"s:398:6:421:Infinity":65,"f:398:17:398:23":17,"s:399:8:399:Infinity":66,"b:401:8:420:Infinity:416:15:420:Infinity":15,"s:401:8:420:Infinity":67,"s:402:10:415:Infinity":68,"f:403:18:403:24":18,"s:404:14:411:Infinity":69,"s:405:16:405:Infinity":70,"s:406:16:406:Infinity":71,"s:408:16:410:Infinity":72,"b:409:43:409:51:409:51:409:Infinity":16,"f:413:19:413:Infinity":19,"s:414:14:414:Infinity":73,"b:414:46:414:54:414:54:414:78":17,"s:417:10:419:Infinity":74,"s:424:4:424:Infinity":75,"f:445:10:445:Infinity":20,"s:454:4:484:Infinity":76,"f:454:22:454:23":21,"b:455:6:455:Infinity:undefined:undefined:undefined:undefined":18,"s:455:6:455:Infinity":77,"s:455:33:455:Infinity":78,"s:456:6:456:Infinity":79,"s:457:6:457:Infinity":80,"s:461:22:476:Infinity":81,"f:461:22:461:28":22,"s:462:8:462:Infinity":82,"s:463:8:475:Infinity":83,"s:464:10:472:Infinity":84,"s:474:10:474:Infinity":85,"b:474:42:474:50:474:50:474:74":19,"b:478:6:483:Infinity:480:13:483:Infinity":20,"s:478:6:483:Infinity":86,"s:479:8:479:Infinity":87,"s:481:8:481:Infinity":88,"s:482:8:482:Infinity":89,"s:486:4:496:Infinity":90,"f:486:22:486:29":23,"b:487:6:487:Infinity:undefined:undefined:undefined:undefined":21,"s:487:6:487:Infinity":91,"s:487:33:487:Infinity":92,"s:488:6:488:Infinity":93,"s:489:6:489:Infinity":94,"s:490:6:490:Infinity":95,"s:491:6:495:Infinity":96,"s:492:8:492:Infinity":97,"s:494:8:494:Infinity":98,"b:494:40:494:48:494:48:494:72":22,"f:517:10:517:Infinity":24,"s:526:4:530:Infinity":99,"b:529:16:529:24:529:24:529:Infinity":23,"b:532:4:535:Infinity:undefined:undefined:undefined:undefined":24,"s:532:4:535:Infinity":100,"s:533:6:533:Infinity":101,"s:534:6:534:Infinity":102,"b:537:4:541:Infinity:539:11:541:Infinity":25,"s:537:4:541:Infinity":103,"s:538:6:538:Infinity":104,"s:540:6:540:Infinity":105,"f:563:10:563:Infinity":25,"s:569:6:571:Infinity":106,"b:569:6:569:Infinity:571:6:571:Infinity":26,"s:574:6:577:Infinity":107,"b:574:6:574:Infinity:575:6:575:Infinity:576:6:576:Infinity:577:6:577:Infinity":27,"s:579:4:579:Infinity":108,"b:579:11:579:32:579:32:579:Infinity":28,"f:599:10:599:Infinity":26,"s:607:4:607:Infinity":109,"s:608:4:608:Infinity":110,"b:610:4:614:Infinity:undefined:undefined:undefined:undefined":29,"s:610:4:614:Infinity":111,"s:611:6:613:Infinity":112,"b:616:4:621:Infinity:619:11:621:Infinity":30,"s:616:4:621:Infinity":113,"s:617:6:617:Infinity":114,"s:618:6:618:Infinity":115,"s:620:6:620:Infinity":116,"f:637:10:637:Infinity":27,"s:642:4:642:Infinity":117,"b:644:4:646:Infinity:undefined:undefined:undefined:undefined":31,"s:644:4:646:Infinity":118,"b:644:8:644:27:644:27:644:42":32,"s:645:6:645:Infinity":119,"s:648:4:648:Infinity":120,"s:649:4:649:Infinity":121,"f:666:10:666:Infinity":28,"s:672:4:672:Infinity":122,"b:674:4:676:Infinity:undefined:undefined:undefined:undefined":33,"s:674:4:676:Infinity":123,"b:674:8:674:27:674:27:674:42":34,"s:675:6:675:Infinity":124,"b:678:4:687:Infinity:681:11:687:Infinity":35,"s:678:4:687:Infinity":125,"s:679:6:679:Infinity":126,"s:680:6:680:Infinity":127,"s:682:6:686:Infinity":128,"f:705:10:705:Infinity":29,"s:712:4:712:Infinity":129,"s:713:4:713:Infinity":130,"s:714:4:714:Infinity":131,"b:716:4:718:Infinity:undefined:undefined:undefined:undefined":36,"s:716:4:718:Infinity":132,"s:717:6:717:Infinity":133,"b:720:4:725:Infinity:723:11:725:Infinity":37,"s:720:4:725:Infinity":134,"s:721:6:721:Infinity":135,"s:722:6:722:Infinity":136,"s:724:6:724:Infinity":137,"f:746:10:746:26":30,"s:747:4:764:Infinity":138,"b:748:6:759:Infinity:753:13:759:Infinity":38,"s:748:6:759:Infinity":139,"s:749:8:752:Infinity":140,"s:754:8:758:Infinity":141,"s:755:10:755:Infinity":142,"s:757:10:757:Infinity":143,"s:761:6:761:Infinity":144,"f:786:8:786:Infinity":31,"s:792:30:796:Infinity":145,"s:797:4:797:Infinity":146,"f:818:10:818:Infinity":32,"s:823:17:823:Infinity":147,"s:825:37:832:Infinity":148,"f:825:37:825:38":33,"b:826:6:826:Infinity:undefined:undefined:undefined:undefined":39,"s:826:6:826:Infinity":149,"s:826:40:826:Infinity":150,"s:827:14:827:Infinity":151,"b:828:6:828:Infinity:undefined:undefined:undefined:undefined":40,"s:828:6:828:Infinity":152,"s:828:30:828:Infinity":153,"b:829:6:829:Infinity:undefined:undefined:undefined:undefined":41,"s:829:6:829:Infinity":154,"s:829:31:829:Infinity":155,"s:830:6:830:Infinity":156,"s:831:6:831:Infinity":157,"b:834:4:837:Infinity:undefined:undefined:undefined:undefined":42,"s:834:4:837:Infinity":158,"s:835:21:835:Infinity":159,"s:836:6:836:Infinity":160,"b:838:4:841:Infinity:undefined:undefined:undefined:undefined":43,"s:838:4:841:Infinity":161,"s:839:22:839:Infinity":162,"s:840:6:840:Infinity":163,"s:842:4:842:Infinity":164,"f:854:2:854:19":34,"s:855:4:855:Infinity":165,"f:873:8:873:33":35,"s:874:4:874:Infinity":166,"b:877:4:879:Infinity:undefined:undefined:undefined:undefined":44,"s:877:4:879:Infinity":167,"b:877:8:877:40:877:40:877:71":45,"s:878:6:878:Infinity":168,"f:878:24:878:35":36,"s:878:35:878:59":169,"s:881:4:881:Infinity":170,"s:882:4:882:Infinity":171,"f:896:10:896:35":37,"s:897:4:906:Infinity":172,"b:898:6:905:Infinity:undefined:undefined:undefined:undefined":46,"s:898:6:905:Infinity":173,"s:899:8:904:Infinity":174,"s:900:10:900:Infinity":175,"s:901:10:901:Infinity":176,"f:918:2:918:27":38,"s:919:4:919:Infinity":177,"s:937:24:937:Infinity":178}}}
,"/home/runner/work/polyman/polyman/src/formatter.ts": {"path":"/home/runner/work/polyman/polyman/src/formatter.ts","statementMap":{"0":{"start":{"line":30,"column":4},"end":{"line":30,"column":null}},"1":{"start":{"line":40,"column":4},"end":{"line":40,"column":null}},"2":{"start":{"line":50,"column":4},"end":{"line":50,"column":null}},"3":{"start":{"line":60,"column":4},"end":{"line":60,"column":null}},"4":{"start":{"line":71,"column":4},"end":{"line":71,"column":null}},"5":{"start":{"line":82,"column":4},"end":{"line":82,"column":null}},"6":{"start":{"line":93,"column":4},"end":{"line":93,"column":null}},"7":{"start":{"line":104,"column":4},"end":{"line":104,"column":null}},"8":{"start":{"line":115,"column":4},"end":{"line":115,"column":null}},"9":{"start":{"line":126,"column":4},"end":{"line":126,"column":null}},"10":{"start":{"line":127,"column":4},"end":{"line":127,"column":null}},"11":{"start":{"line":128,"column":4},"end":{"line":128,"column":null}},"12":{"start":{"line":129,"column":4},"end":{"line":129,"column":null}},"13":{"start":{"line":130,"column":4},"end":{"line":130,"column":null}},"14":{"start":{"line":141,"column":4},"end":{"line":141,"column":null}},"15":{"start":{"line":142,"column":4},"end":{"line":144,"column":null}},"16":{"start":{"line":154,"column":4},"end":{"line":158,"column":null}},"17":{"start":{"line":155,"column":6},"end":{"line":155,"column":null}},"18":{"start":{"line":157,"column":6},"end":{"line":157,"column":null}},"19":{"start":{"line":169,"column":4},"end":{"line":169,"column":null}},"20":{"start":{"line":180,"column":4},"end":{"line":180,"column":null}},"21":{"start":{"line":191,"column":4},"end":{"line":191,"column":null}},"22":{"start":{"line":202,"column":4},"end":{"line":202,"column":null}},"23":{"start":{"line":213,"column":4},"end":{"line":213,"column":null}},"24":{"start":{"line":224,"column":4},"end":{"line":224,"column":null}},"25":{"start":{"line":225,"column":4},"end":{"line":227,"column":null}},"26":{"start":{"line":228,"column":4},"end":{"line":228,"column":null}},"27":{"start":{"line":229,"column":4},"end":{"line":231,"column":null}},"28":{"start":{"line":232,"column":4},"end":{"line":232,"column":null}},"29":{"start":{"line":243,"column":4},"end":{"line":243,"column":null}},"30":{"start":{"line":244,"column":4},"end":{"line":246,"column":null}},"31":{"start":{"line":247,"column":4},"end":{"line":247,"column":null}},"32":{"start":{"line":248,"column":4},"end":{"line":250,"column":null}},"33":{"start":{"line":251,"column":4},"end":{"line":251,"column":null}},"34":{"start":{"line":265,"column":19},"end":{"line":265,"column":null}}},"fnMap":{"0":{"name":"(anonymous_0)","decl":{"start":{"line":29,"column":2},"end":{"line":29,"column":10}},"loc":{"start":{"line":29,"column":27},"end":{"line":31,"column":null}},"line":29},"1":{"name":"(anonymous_1)","decl":{"start":{"line":39,"column":2},"end":{"line":39,"column":8}},"loc":{"start":{"line":39,"column":25},"end":{"line":41,"column":null}},"line":39},"2":{"name":"(anonymous_2)","decl":{"start":{"line":49,"column":2},"end":{"line":49,"column":10}},"loc":{"start":{"line":49,"column":27},"end":{"line":51,"column":null}},"line":49},"3":{"name":"(anonymous_3)","decl":{"start":{"line":59,"column":2},"end":{"line":59,"column":7}},"loc":{"start":{"line":59,"column":24},"end":{"line":61,"column":null}},"line":59},"4":{"name":"(anonymous_4)","decl":{"start":{"line":70,"column":2},"end":{"line":70,"column":6}},"loc":{"start":{"line":70,"column":23},"end":{"line":72,"column":null}},"line":70},"5":{"name":"(anonymous_5)","decl":{"start":{"line":81,"column":2},"end":{"line":81,"column":22}},"loc":{"start":{"line":81,"column":22},"end":{"line":83,"column":null}},"line":81},"6":{"name":"(anonymous_6)","decl":{"start":{"line":92,"column":2},"end":{"line":92,"column":18}},"loc":{"start":{"line":92,"column":18},"end":{"line":94,"column":null}},"line":92},"7":{"name":"(anonymous_7)","decl":{"start":{"line":103,"column":2},"end":{"line":103,"column":24}},"loc":{"start":{"line":103,"column":24},"end":{"line":105,"column":null}},"line":103},"8":{"name":"(anonymous_8)","decl":{"start":{"line":114,"column":2},"end":{"line":114,"column":21}},"loc":{"start":{"line":114,"column":21},"end":{"line":116,"column":null}},"line":114},"9":{"name":"(anonymous_9)","decl":{"start":{"line":125,"column":2},"end":{"line":125,"column":10}},"loc":{"start":{"line":125,"column":25},"end":{"line":131,"column":null}},"line":125},"10":{"name":"(anonymous_10)","decl":{"start":{"line":140,"column":2},"end":{"line":140,"column":7}},"loc":{"start":{"line":140,"column":42},"end":{"line":145,"column":null}},"line":140},"11":{"name":"(anonymous_11)","decl":{"start":{"line":153,"column":2},"end":{"line":153,"column":15}},"loc":{"start":{"line":153,"column":33},"end":{"line":159,"column":null}},"line":153},"12":{"name":"(anonymous_12)","decl":{"start":{"line":168,"column":2},"end":{"line":168,"column":12}},"loc":{"start":{"line":168,"column":34},"end":{"line":170,"column":null}},"line":168},"13":{"name":"(anonymous_13)","decl":{"start":{"line":179,"column":2},"end":{"line":179,"column":6}},"loc":{"start":{"line":179,"column":28},"end":{"line":181,"column":null}},"line":179},"14":{"name":"(anonymous_14)","decl":{"start":{"line":190,"column":2},"end":{"line":190,"column":7}},"loc":{"start":{"line":190,"column":29},"end":{"line":192,"column":null}},"line":190},"15":{"name":"(anonymous_15)","decl":{"start":{"line":201,"column":2},"end":{"line":201,"column":9}},"loc":{"start":{"line":201,"column":31},"end":{"line":203,"column":null}},"line":201},"16":{"name":"(anonymous_16)","decl":{"start":{"line":212,"column":2},"end":{"line":212,"column":10}},"loc":{"start":{"line":212,"column":32},"end":{"line":214,"column":null}},"line":212},"17":{"name":"(anonymous_17)","decl":{"start":{"line":223,"column":2},"end":{"line":223,"column":13}},"loc":{"start":{"line":223,"column":30},"end":{"line":233,"column":null}},"line":223},"18":{"name":"(anonymous_18)","decl":{"start":{"line":242,"column":2},"end":{"line":242,"column":11}},"loc":{"start":{"line":242,"column":28},"end":{"line":252,"column":null}},"line":242}},"branchMap":{"0":{"loc":{"start":{"line":154,"column":4},"end":{"line":158,"column":null}},"type":"if","locations":[{"start":{"line":154,"column":4},"end":{"line":158,"column":null}},{"start":{"line":156,"column":11},"end":{"line":158,"column":null}}],"line":154}},"s":{"0":0,"1":0,"2":0,"3":0,"4":0,"5":0,"6":0,"7":0,"8":0,"9":0,"10":0,"11":0,"12":0,"13":0,"14":0,"15":0,"16":0,"17":0,"18":0,"19":0,"20":0,"21":0,"22":0,"23":0,"24":0,"25":0,"26":0,"27":0,"28":0,"29":0,"30":0,"31":0,"32":0,"33":0,"34":4},"f":{"0":0,"1":0,"2":0,"3":0,"4":0,"5":0,"6":0,"7":0,"8":0,"9":0,"10":0,"11":0,"12":0,"13":0,"14":0,"15":0,"16":0,"17":0,"18":0},"b":{"0":[0,0]},"meta":{"lastBranch":1,"lastFunction":19,"lastStatement":35,"seen":{"f:29:2:29:10":0,"s:30:4:30:Infinity":0,"f:39:2:39:8":1,"s:40:4:40:Infinity":1,"f:49:2:49:10":2,"s:50:4:50:Infinity":2,"f:59:2:59:7":3,"s:60:4:60:Infinity":3,"f:70:2:70:6":4,"s:71:4:71:Infinity":4,"f:81:2:81:22":5,"s:82:4:82:Infinity":5,"f:92:2:92:18":6,"s:93:4:93:Infinity":6,"f:103:2:103:24":7,"s:104:4:104:Infinity":7,"f:114:2:114:21":8,"s:115:4:115:Infinity":8,"f:125:2:125:10":9,"s:126:4:126:Infinity":9,"s:127:4:127:Infinity":10,"s:128:4:128:Infinity":11,"s:129:4:129:Infinity":12,"s:130:4:130:Infinity":13,"f:140:2:140:7":10,"s:141:4:141:Infinity":14,"s:142:4:144:Infinity":15,"f:153:2:153:15":11,"b:154:4:158:Infinity:156:11:158:Infinity":0,"s:154:4:158:Infinity":16,"s:155:6:155:Infinity":17,"s:157:6:157:Infinity":18,"f:168:2:168:12":12,"s:169:4:169:Infinity":19,"f:179:2:179:6":13,"s:180:4:180:Infinity":20,"f:190:2:190:7":14,"s:191:4:191:Infinity":21,"f:201:2:201:9":15,"s:202:4:202:Infinity":22,"f:212:2:212:10":16,"s:213:4:213:Infinity":23,"f:223:2:223:13":17,"s:224:4:224:Infinity":24,"s:225:4:227:Infinity":25,"s:228:4:228:Infinity":26,"s:229:4:231:Infinity":27,"s:232:4:232:Infinity":28,"f:242:2:242:11":18,"s:243:4:243:Infinity":29,"s:244:4:246:Infinity":30,"s:247:4:247:Infinity":31,"s:248:4:250:Infinity":32,"s:251:4:251:Infinity":33,"s:265:19:265:Infinity":34}}}
,"/home/runner/work/polyman/polyman/src/polygon.ts": {"path":"/home/runner/work/polyman/polyman/src/polygon.ts","statementMap":{"0":{"start":{"line":149,"column":4},"end":{"line":149,"column":null}},"1":{"start":{"line":150,"column":4},"end":{"line":150,"column":null}},"2":{"start":{"line":151,"column":4},"end":{"line":151,"column":null}},"3":{"start":{"line":169,"column":17},"end":{"line":169,"column":null}},"4":{"start":{"line":172,"column":65},"end":{"line":176,"column":null}},"5":{"start":{"line":179,"column":23},"end":{"line":179,"column":null}},"6":{"start":{"line":180,"column":24},"end":{"line":182,"column":null}},"7":{"start":{"line":181,"column":18},"end":{"line":181,"column":44}},"8":{"start":{"line":185,"column":25},"end":{"line":185,"column":null}},"9":{"start":{"line":188,"column":17},"end":{"line":188,"column":null}},"10":{"start":{"line":190,"column":4},"end":{"line":190,"column":null}},"11":{"start":{"line":211,"column":17},"end":{"line":211,"column":null}},"12":{"start":{"line":212,"column":19},"end":{"line":212,"column":null}},"13":{"start":{"line":215,"column":49},"end":{"line":215,"column":null}},"14":{"start":{"line":216,"column":4},"end":{"line":218,"column":null}},"15":{"start":{"line":217,"column":6},"end":{"line":217,"column":null}},"16":{"start":{"line":220,"column":26},"end":{"line":225,"column":null}},"17":{"start":{"line":227,"column":16},"end":{"line":227,"column":null}},"18":{"start":{"line":229,"column":21},"end":{"line":235,"column":null}},"19":{"start":{"line":237,"column":4},"end":{"line":239,"column":null}},"20":{"start":{"line":238,"column":6},"end":{"line":238,"column":null}},"21":{"start":{"line":241,"column":18},"end":{"line":241,"column":null}},"22":{"start":{"line":243,"column":4},"end":{"line":245,"column":null}},"23":{"start":{"line":244,"column":6},"end":{"line":244,"column":null}},"24":{"start":{"line":247,"column":4},"end":{"line":247,"column":null}},"25":{"start":{"line":281,"column":4},"end":{"line":281,"column":null}},"26":{"start":{"line":298,"column":4},"end":{"line":298,"column":null}},"27":{"start":{"line":315,"column":62},"end":{"line":315,"column":null}},"28":{"start":{"line":316,"column":4},"end":{"line":316,"column":null}},"29":{"start":{"line":316,"column":13},"end":{"line":316,"column":null}},"30":{"start":{"line":317,"column":4},"end":{"line":317,"column":null}},"31":{"start":{"line":345,"column":62},"end":{"line":348,"column":null}},"32":{"start":{"line":349,"column":4},"end":{"line":349,"column":null}},"33":{"start":{"line":349,"column":13},"end":{"line":349,"column":null}},"34":{"start":{"line":350,"column":4},"end":{"line":350,"column":null}},"35":{"start":{"line":366,"column":62},"end":{"line":366,"column":null}},"36":{"start":{"line":367,"column":4},"end":{"line":367,"column":null}},"37":{"start":{"line":367,"column":13},"end":{"line":367,"column":null}},"38":{"start":{"line":368,"column":4},"end":{"line":368,"column":null}},"39":{"start":{"line":384,"column":62},"end":{"line":384,"column":null}},"40":{"start":{"line":385,"column":4},"end":{"line":385,"column":null}},"41":{"start":{"line":385,"column":13},"end":{"line":385,"column":null}},"42":{"start":{"line":386,"column":4},"end":{"line":386,"column":null}},"43":{"start":{"line":418,"column":62},"end":{"line":421,"column":null}},"44":{"start":{"line":422,"column":4},"end":{"line":422,"column":null}},"45":{"start":{"line":422,"column":13},"end":{"line":422,"column":null}},"46":{"start":{"line":423,"column":4},"end":{"line":423,"column":null}},"47":{"start":{"line":444,"column":62},"end":{"line":444,"column":null}},"48":{"start":{"line":445,"column":4},"end":{"line":445,"column":null}},"49":{"start":{"line":445,"column":13},"end":{"line":445,"column":null}},"50":{"start":{"line":446,"column":4},"end":{"line":449,"column":null}},"51":{"start":{"line":484,"column":62},"end":{"line":488,"column":null}},"52":{"start":{"line":489,"column":4},"end":{"line":489,"column":null}},"53":{"start":{"line":489,"column":13},"end":{"line":489,"column":null}},"54":{"start":{"line":490,"column":4},"end":{"line":490,"column":null}},"55":{"start":{"line":511,"column":62},"end":{"line":511,"column":null}},"56":{"start":{"line":512,"column":4},"end":{"line":512,"column":null}},"57":{"start":{"line":512,"column":13},"end":{"line":512,"column":null}},"58":{"start":{"line":513,"column":4},"end":{"line":513,"column":null}},"59":{"start":{"line":545,"column":62},"end":{"line":549,"column":null}},"60":{"start":{"line":550,"column":4},"end":{"line":550,"column":null}},"61":{"start":{"line":550,"column":37},"end":{"line":550,"column":null}},"62":{"start":{"line":551,"column":4},"end":{"line":551,"column":null}},"63":{"start":{"line":551,"column":13},"end":{"line":551,"column":null}},"64":{"start":{"line":552,"column":4},"end":{"line":552,"column":null}},"65":{"start":{"line":569,"column":62},"end":{"line":569,"column":null}},"66":{"start":{"line":570,"column":4},"end":{"line":570,"column":null}},"67":{"start":{"line":570,"column":13},"end":{"line":570,"column":null}},"68":{"start":{"line":571,"column":4},"end":{"line":571,"column":null}},"69":{"start":{"line":596,"column":62},"end":{"line":600,"column":null}},"70":{"start":{"line":601,"column":4},"end":{"line":601,"column":null}},"71":{"start":{"line":601,"column":13},"end":{"line":601,"column":null}},"72":{"start":{"line":602,"column":4},"end":{"line":602,"column":null}},"73":{"start":{"line":617,"column":62},"end":{"line":617,"column":null}},"74":{"start":{"line":618,"column":4},"end":{"line":618,"column":null}},"75":{"start":{"line":618,"column":13},"end":{"line":618,"column":null}},"76":{"start":{"line":619,"column":4},"end":{"line":619,"column":null}},"77":{"start":{"line":640,"column":62},"end":{"line":643,"column":null}},"78":{"start":{"line":644,"column":4},"end":{"line":644,"column":null}},"79":{"start":{"line":644,"column":13},"end":{"line":644,"column":null}},"80":{"start":{"line":645,"column":4},"end":{"line":645,"column":null}},"81":{"start":{"line":661,"column":62},"end":{"line":661,"column":null}},"82":{"start":{"line":662,"column":4},"end":{"line":662,"column":null}},"83":{"start":{"line":662,"column":13},"end":{"line":662,"column":null}},"84":{"start":{"line":663,"column":4},"end":{"line":663,"column":null}},"85":{"start":{"line":679,"column":62},"end":{"line":679,"column":null}},"86":{"start":{"line":680,"column":4},"end":{"line":680,"column":null}},"87":{"start":{"line":680,"column":13},"end":{"line":680,"column":null}},"88":{"start":{"line":681,"column":4},"end":{"line":681,"column":null}},"89":{"start":{"line":702,"column":62},"end":{"line":705,"column":null}},"90":{"start":{"line":706,"column":4},"end":{"line":706,"column":null}},"91":{"start":{"line":706,"column":13},"end":{"line":706,"column":null}},"92":{"start":{"line":707,"column":4},"end":{"line":707,"column":null}},"93":{"start":{"line":730,"column":62},"end":{"line":730,"column":null}},"94":{"start":{"line":731,"column":4},"end":{"line":731,"column":null}},"95":{"start":{"line":731,"column":13},"end":{"line":731,"column":null}},"96":{"start":{"line":732,"column":4},"end":{"line":732,"column":null}},"97":{"start":{"line":770,"column":62},"end":{"line":776,"column":null}},"98":{"start":{"line":777,"column":4},"end":{"line":777,"column":null}},"99":{"start":{"line":777,"column":13},"end":{"line":777,"column":null}},"100":{"start":{"line":778,"column":4},"end":{"line":778,"column":null}},"101":{"start":{"line":801,"column":62},"end":{"line":801,"column":null}},"102":{"start":{"line":802,"column":4},"end":{"line":802,"column":null}},"103":{"start":{"line":802,"column":13},"end":{"line":802,"column":null}},"104":{"start":{"line":803,"column":4},"end":{"line":803,"column":null}},"105":{"start":{"line":842,"column":62},"end":{"line":849,"column":null}},"106":{"start":{"line":850,"column":4},"end":{"line":850,"column":null}},"107":{"start":{"line":850,"column":37},"end":{"line":850,"column":null}},"108":{"start":{"line":851,"column":4},"end":{"line":851,"column":null}},"109":{"start":{"line":851,"column":13},"end":{"line":851,"column":null}},"110":{"start":{"line":852,"column":4},"end":{"line":852,"column":null}},"111":{"start":{"line":879,"column":62},"end":{"line":879,"column":null}},"112":{"start":{"line":880,"column":4},"end":{"line":880,"column":null}},"113":{"start":{"line":880,"column":13},"end":{"line":880,"column":null}},"114":{"start":{"line":881,"column":4},"end":{"line":881,"column":null}},"115":{"start":{"line":909,"column":62},"end":{"line":913,"column":null}},"116":{"start":{"line":914,"column":4},"end":{"line":914,"column":null}},"117":{"start":{"line":914,"column":13},"end":{"line":914,"column":null}},"118":{"start":{"line":915,"column":4},"end":{"line":915,"column":null}},"119":{"start":{"line":967,"column":62},"end":{"line":973,"column":null}},"120":{"start":{"line":974,"column":4},"end":{"line":974,"column":null}},"121":{"start":{"line":974,"column":13},"end":{"line":974,"column":null}},"122":{"start":{"line":975,"column":4},"end":{"line":975,"column":null}},"123":{"start":{"line":1001,"column":62},"end":{"line":1001,"column":null}},"124":{"start":{"line":1002,"column":4},"end":{"line":1002,"column":null}},"125":{"start":{"line":1002,"column":13},"end":{"line":1002,"column":null}},"126":{"start":{"line":1003,"column":4},"end":{"line":1003,"column":null}},"127":{"start":{"line":1025,"column":62},"end":{"line":1028,"column":null}},"128":{"start":{"line":1029,"column":4},"end":{"line":1029,"column":null}},"129":{"start":{"line":1029,"column":13},"end":{"line":1029,"column":null}},"130":{"start":{"line":1030,"column":4},"end":{"line":1030,"column":null}},"131":{"start":{"line":1077,"column":62},"end":{"line":1083,"column":null}},"132":{"start":{"line":1084,"column":4},"end":{"line":1084,"column":null}},"133":{"start":{"line":1084,"column":13},"end":{"line":1084,"column":null}},"134":{"start":{"line":1085,"column":4},"end":{"line":1085,"column":null}},"135":{"start":{"line":1126,"column":62},"end":{"line":1131,"column":null}},"136":{"start":{"line":1132,"column":4},"end":{"line":1132,"column":null}},"137":{"start":{"line":1132,"column":13},"end":{"line":1132,"column":null}},"138":{"start":{"line":1133,"column":4},"end":{"line":1133,"column":null}},"139":{"start":{"line":1156,"column":62},"end":{"line":1159,"column":null}},"140":{"start":{"line":1160,"column":4},"end":{"line":1160,"column":null}},"141":{"start":{"line":1160,"column":13},"end":{"line":1160,"column":null}},"142":{"start":{"line":1161,"column":4},"end":{"line":1161,"column":null}},"143":{"start":{"line":1189,"column":62},"end":{"line":1193,"column":null}},"144":{"start":{"line":1194,"column":4},"end":{"line":1194,"column":null}},"145":{"start":{"line":1194,"column":13},"end":{"line":1194,"column":null}},"146":{"start":{"line":1195,"column":4},"end":{"line":1195,"column":null}},"147":{"start":{"line":1227,"column":62},"end":{"line":1230,"column":null}},"148":{"start":{"line":1231,"column":4},"end":{"line":1231,"column":null}},"149":{"start":{"line":1231,"column":32},"end":{"line":1231,"column":null}},"150":{"start":{"line":1232,"column":4},"end":{"line":1232,"column":null}},"151":{"start":{"line":1232,"column":13},"end":{"line":1232,"column":null}},"152":{"start":{"line":1233,"column":4},"end":{"line":1233,"column":null}},"153":{"start":{"line":1256,"column":62},"end":{"line":1260,"column":null}},"154":{"start":{"line":1261,"column":4},"end":{"line":1261,"column":null}},"155":{"start":{"line":1261,"column":13},"end":{"line":1261,"column":null}},"156":{"start":{"line":1262,"column":4},"end":{"line":1262,"column":null}},"157":{"start":{"line":1291,"column":62},"end":{"line":1295,"column":null}},"158":{"start":{"line":1296,"column":4},"end":{"line":1296,"column":null}},"159":{"start":{"line":1296,"column":13},"end":{"line":1296,"column":null}},"160":{"start":{"line":1297,"column":4},"end":{"line":1297,"column":null}},"161":{"start":{"line":1348,"column":62},"end":{"line":1353,"column":null}},"162":{"start":{"line":1354,"column":4},"end":{"line":1354,"column":null}},"163":{"start":{"line":1354,"column":19},"end":{"line":1354,"column":null}},"164":{"start":{"line":1355,"column":4},"end":{"line":1355,"column":null}},"165":{"start":{"line":1355,"column":13},"end":{"line":1355,"column":null}},"166":{"start":{"line":1356,"column":4},"end":{"line":1356,"column":null}},"167":{"start":{"line":1385,"column":62},"end":{"line":1390,"column":null}},"168":{"start":{"line":1391,"column":4},"end":{"line":1391,"column":null}},"169":{"start":{"line":1391,"column":13},"end":{"line":1391,"column":null}},"170":{"start":{"line":1392,"column":4},"end":{"line":1392,"column":null}},"171":{"start":{"line":1419,"column":62},"end":{"line":1423,"column":null}},"172":{"start":{"line":1424,"column":4},"end":{"line":1424,"column":null}},"173":{"start":{"line":1424,"column":13},"end":{"line":1424,"column":null}},"174":{"start":{"line":1425,"column":4},"end":{"line":1425,"column":null}},"175":{"start":{"line":1450,"column":62},"end":{"line":1453,"column":null}},"176":{"start":{"line":1454,"column":4},"end":{"line":1454,"column":null}},"177":{"start":{"line":1454,"column":13},"end":{"line":1454,"column":null}},"178":{"start":{"line":1455,"column":4},"end":{"line":1455,"column":null}},"179":{"start":{"line":1486,"column":62},"end":{"line":1489,"column":null}},"180":{"start":{"line":1490,"column":4},"end":{"line":1490,"column":null}},"181":{"start":{"line":1490,"column":15},"end":{"line":1490,"column":null}},"182":{"start":{"line":1491,"column":4},"end":{"line":1491,"column":null}},"183":{"start":{"line":1491,"column":13},"end":{"line":1491,"column":null}},"184":{"start":{"line":1492,"column":4},"end":{"line":1492,"column":null}},"185":{"start":{"line":1533,"column":62},"end":{"line":1538,"column":null}},"186":{"start":{"line":1539,"column":4},"end":{"line":1539,"column":null}},"187":{"start":{"line":1539,"column":13},"end":{"line":1539,"column":null}},"188":{"start":{"line":1540,"column":4},"end":{"line":1540,"column":null}},"189":{"start":{"line":1558,"column":62},"end":{"line":1558,"column":null}},"190":{"start":{"line":1559,"column":4},"end":{"line":1559,"column":null}},"191":{"start":{"line":1559,"column":13},"end":{"line":1559,"column":null}},"192":{"start":{"line":1560,"column":4},"end":{"line":1560,"column":null}},"193":{"start":{"line":1585,"column":62},"end":{"line":1588,"column":null}},"194":{"start":{"line":1589,"column":4},"end":{"line":1589,"column":null}},"195":{"start":{"line":1589,"column":13},"end":{"line":1589,"column":null}},"196":{"start":{"line":1590,"column":4},"end":{"line":1590,"column":null}},"197":{"start":{"line":1609,"column":62},"end":{"line":1609,"column":null}},"198":{"start":{"line":1610,"column":4},"end":{"line":1610,"column":null}},"199":{"start":{"line":1610,"column":13},"end":{"line":1610,"column":null}},"200":{"start":{"line":1611,"column":4},"end":{"line":1611,"column":null}},"201":{"start":{"line":1637,"column":62},"end":{"line":1640,"column":null}},"202":{"start":{"line":1641,"column":4},"end":{"line":1641,"column":null}},"203":{"start":{"line":1641,"column":13},"end":{"line":1641,"column":null}},"204":{"start":{"line":1642,"column":4},"end":{"line":1642,"column":null}},"205":{"start":{"line":1658,"column":62},"end":{"line":1658,"column":null}},"206":{"start":{"line":1659,"column":4},"end":{"line":1659,"column":null}},"207":{"start":{"line":1659,"column":13},"end":{"line":1659,"column":null}},"208":{"start":{"line":1660,"column":4},"end":{"line":1660,"column":null}},"209":{"start":{"line":1686,"column":62},"end":{"line":1689,"column":null}},"210":{"start":{"line":1690,"column":4},"end":{"line":1690,"column":null}},"211":{"start":{"line":1690,"column":13},"end":{"line":1690,"column":null}},"212":{"start":{"line":1691,"column":4},"end":{"line":1691,"column":null}},"213":{"start":{"line":1716,"column":62},"end":{"line":1716,"column":null}},"214":{"start":{"line":1717,"column":4},"end":{"line":1717,"column":null}},"215":{"start":{"line":1717,"column":13},"end":{"line":1717,"column":null}},"216":{"start":{"line":1718,"column":4},"end":{"line":1718,"column":null}},"217":{"start":{"line":1748,"column":62},"end":{"line":1751,"column":null}},"218":{"start":{"line":1752,"column":4},"end":{"line":1752,"column":null}},"219":{"start":{"line":1752,"column":14},"end":{"line":1752,"column":null}},"220":{"start":{"line":1753,"column":4},"end":{"line":1753,"column":null}},"221":{"start":{"line":1753,"column":13},"end":{"line":1753,"column":null}},"222":{"start":{"line":1754,"column":17},"end":{"line":1754,"column":null}},"223":{"start":{"line":1755,"column":4},"end":{"line":1755,"column":null}},"224":{"start":{"line":1783,"column":62},"end":{"line":1787,"column":null}},"225":{"start":{"line":1788,"column":4},"end":{"line":1788,"column":null}},"226":{"start":{"line":1788,"column":13},"end":{"line":1788,"column":null}},"227":{"start":{"line":1789,"column":4},"end":{"line":1789,"column":null}},"228":{"start":{"line":1812,"column":62},"end":{"line":1812,"column":null}},"229":{"start":{"line":1813,"column":4},"end":{"line":1813,"column":null}},"230":{"start":{"line":1813,"column":13},"end":{"line":1813,"column":null}},"231":{"start":{"line":1814,"column":4},"end":{"line":1814,"column":null}}},"fnMap":{"0":{"name":"(anonymous_0)","decl":{"start":{"line":148,"column":2},"end":{"line":148,"column":14}},"loc":{"start":{"line":148,"column":37},"end":{"line":152,"column":null}},"line":148},"1":{"name":"(anonymous_1)","decl":{"start":{"line":164,"column":10},"end":{"line":164,"column":null}},"loc":{"start":{"line":167,"column":12},"end":{"line":191,"column":null}},"line":167},"2":{"name":"(anonymous_2)","decl":{"start":{"line":181,"column":11},"end":{"line":181,"column":18}},"loc":{"start":{"line":181,"column":18},"end":{"line":181,"column":44}},"line":181},"3":{"name":"(anonymous_3)","decl":{"start":{"line":206,"column":16},"end":{"line":206,"column":null}},"loc":{"start":{"line":210,"column":16},"end":{"line":248,"column":null}},"line":210},"4":{"name":"(anonymous_4)","decl":{"start":{"line":275,"column":8},"end":{"line":275,"column":21}},"loc":{"start":{"line":280,"column":25},"end":{"line":282,"column":null}},"line":280},"5":{"name":"(anonymous_5)","decl":{"start":{"line":297,"column":8},"end":{"line":297,"column":22}},"loc":{"start":{"line":297,"column":54},"end":{"line":299,"column":null}},"line":297},"6":{"name":"(anonymous_6)","decl":{"start":{"line":314,"column":8},"end":{"line":314,"column":23}},"loc":{"start":{"line":314,"column":78},"end":{"line":318,"column":null}},"line":314},"7":{"name":"(anonymous_7)","decl":{"start":{"line":340,"column":8},"end":{"line":340,"column":null}},"loc":{"start":{"line":344,"column":19},"end":{"line":351,"column":null}},"line":344},"8":{"name":"(anonymous_8)","decl":{"start":{"line":365,"column":8},"end":{"line":365,"column":26}},"loc":{"start":{"line":365,"column":74},"end":{"line":369,"column":null}},"line":365},"9":{"name":"(anonymous_9)","decl":{"start":{"line":383,"column":8},"end":{"line":383,"column":27}},"loc":{"start":{"line":383,"column":75},"end":{"line":387,"column":null}},"line":383},"10":{"name":"(anonymous_10)","decl":{"start":{"line":413,"column":8},"end":{"line":413,"column":null}},"loc":{"start":{"line":417,"column":19},"end":{"line":424,"column":null}},"line":417},"11":{"name":"(anonymous_11)","decl":{"start":{"line":440,"column":8},"end":{"line":440,"column":null}},"loc":{"start":{"line":443,"column":40},"end":{"line":450,"column":null}},"line":443},"12":{"name":"(anonymous_12)","decl":{"start":{"line":478,"column":8},"end":{"line":478,"column":null}},"loc":{"start":{"line":483,"column":19},"end":{"line":491,"column":null}},"line":483},"13":{"name":"(anonymous_13)","decl":{"start":{"line":507,"column":8},"end":{"line":507,"column":null}},"loc":{"start":{"line":510,"column":21},"end":{"line":514,"column":null}},"line":510},"14":{"name":"(anonymous_14)","decl":{"start":{"line":538,"column":8},"end":{"line":538,"column":null}},"loc":{"start":{"line":544,"column":19},"end":{"line":553,"column":null}},"line":544},"15":{"name":"(anonymous_15)","decl":{"start":{"line":568,"column":8},"end":{"line":568,"column":19}},"loc":{"start":{"line":568,"column":69},"end":{"line":572,"column":null}},"line":568},"16":{"name":"(anonymous_16)","decl":{"start":{"line":591,"column":8},"end":{"line":591,"column":null}},"loc":{"start":{"line":595,"column":19},"end":{"line":603,"column":null}},"line":595},"17":{"name":"(anonymous_17)","decl":{"start":{"line":616,"column":8},"end":{"line":616,"column":21}},"loc":{"start":{"line":616,"column":71},"end":{"line":620,"column":null}},"line":616},"18":{"name":"(anonymous_18)","decl":{"start":{"line":635,"column":8},"end":{"line":635,"column":null}},"loc":{"start":{"line":639,"column":19},"end":{"line":646,"column":null}},"line":639},"19":{"name":"(anonymous_19)","decl":{"start":{"line":660,"column":8},"end":{"line":660,"column":27}},"loc":{"start":{"line":660,"column":79},"end":{"line":664,"column":null}},"line":660},"20":{"name":"(anonymous_20)","decl":{"start":{"line":678,"column":8},"end":{"line":678,"column":22}},"loc":{"start":{"line":678,"column":72},"end":{"line":682,"column":null}},"line":678},"21":{"name":"(anonymous_21)","decl":{"start":{"line":697,"column":8},"end":{"line":697,"column":null}},"loc":{"start":{"line":701,"column":19},"end":{"line":708,"column":null}},"line":701},"22":{"name":"(anonymous_22)","decl":{"start":{"line":726,"column":8},"end":{"line":726,"column":null}},"loc":{"start":{"line":729,"column":30},"end":{"line":733,"column":null}},"line":729},"23":{"name":"(anonymous_23)","decl":{"start":{"line":758,"column":8},"end":{"line":758,"column":null}},"loc":{"start":{"line":769,"column":19},"end":{"line":779,"column":null}},"line":769},"24":{"name":"(anonymous_24)","decl":{"start":{"line":797,"column":8},"end":{"line":797,"column":null}},"loc":{"start":{"line":800,"column":28},"end":{"line":804,"column":null}},"line":800},"25":{"name":"(anonymous_25)","decl":{"start":{"line":832,"column":8},"end":{"line":832,"column":null}},"loc":{"start":{"line":841,"column":19},"end":{"line":853,"column":null}},"line":841},"26":{"name":"(anonymous_26)","decl":{"start":{"line":878,"column":8},"end":{"line":878,"column":17}},"loc":{"start":{"line":878,"column":74},"end":{"line":882,"column":null}},"line":878},"27":{"name":"(anonymous_27)","decl":{"start":{"line":903,"column":8},"end":{"line":903,"column":null}},"loc":{"start":{"line":908,"column":21},"end":{"line":916,"column":null}},"line":908},"28":{"name":"(anonymous_28)","decl":{"start":{"line":953,"column":8},"end":{"line":953,"column":null}},"loc":{"start":{"line":966,"column":19},"end":{"line":976,"column":null}},"line":966},"29":{"name":"(anonymous_29)","decl":{"start":{"line":1000,"column":8},"end":{"line":1000,"column":21}},"loc":{"start":{"line":1000,"column":75},"end":{"line":1004,"column":null}},"line":1000},"30":{"name":"(anonymous_30)","decl":{"start":{"line":1020,"column":8},"end":{"line":1020,"column":null}},"loc":{"start":{"line":1024,"column":21},"end":{"line":1031,"column":null}},"line":1024},"31":{"name":"(anonymous_31)","decl":{"start":{"line":1066,"column":8},"end":{"line":1066,"column":null}},"loc":{"start":{"line":1076,"column":19},"end":{"line":1086,"column":null}},"line":1076},"32":{"name":"(anonymous_32)","decl":{"start":{"line":1115,"column":8},"end":{"line":1115,"column":null}},"loc":{"start":{"line":1125,"column":19},"end":{"line":1134,"column":null}},"line":1125},"33":{"name":"(anonymous_33)","decl":{"start":{"line":1151,"column":8},"end":{"line":1151,"column":null}},"loc":{"start":{"line":1155,"column":21},"end":{"line":1162,"column":null}},"line":1155},"34":{"name":"(anonymous_34)","decl":{"start":{"line":1183,"column":8},"end":{"line":1183,"column":null}},"loc":{"start":{"line":1188,"column":19},"end":{"line":1196,"column":null}},"line":1188},"35":{"name":"(anonymous_35)","decl":{"start":{"line":1221,"column":8},"end":{"line":1221,"column":null}},"loc":{"start":{"line":1226,"column":21},"end":{"line":1234,"column":null}},"line":1226},"36":{"name":"(anonymous_36)","decl":{"start":{"line":1250,"column":8},"end":{"line":1250,"column":null}},"loc":{"start":{"line":1255,"column":21},"end":{"line":1263,"column":null}},"line":1255},"37":{"name":"(anonymous_37)","decl":{"start":{"line":1285,"column":8},"end":{"line":1285,"column":null}},"loc":{"start":{"line":1290,"column":21},"end":{"line":1298,"column":null}},"line":1290},"38":{"name":"(anonymous_38)","decl":{"start":{"line":1340,"column":8},"end":{"line":1340,"column":null}},"loc":{"start":{"line":1347,"column":19},"end":{"line":1357,"column":null}},"line":1347},"39":{"name":"(anonymous_39)","decl":{"start":{"line":1378,"column":8},"end":{"line":1378,"column":null}},"loc":{"start":{"line":1384,"column":19},"end":{"line":1393,"column":null}},"line":1384},"40":{"name":"(anonymous_40)","decl":{"start":{"line":1413,"column":8},"end":{"line":1413,"column":null}},"loc":{"start":{"line":1418,"column":19},"end":{"line":1426,"column":null}},"line":1418},"41":{"name":"(anonymous_41)","decl":{"start":{"line":1445,"column":8},"end":{"line":1445,"column":null}},"loc":{"start":{"line":1449,"column":19},"end":{"line":1456,"column":null}},"line":1449},"42":{"name":"(anonymous_42)","decl":{"start":{"line":1480,"column":8},"end":{"line":1480,"column":null}},"loc":{"start":{"line":1485,"column":26},"end":{"line":1493,"column":null}},"line":1485},"43":{"name":"(anonymous_43)","decl":{"start":{"line":1522,"column":8},"end":{"line":1522,"column":null}},"loc":{"start":{"line":1532,"column":19},"end":{"line":1541,"column":null}},"line":1532},"44":{"name":"(anonymous_44)","decl":{"start":{"line":1557,"column":8},"end":{"line":1557,"column":17}},"loc":{"start":{"line":1557,"column":69},"end":{"line":1561,"column":null}},"line":1557},"45":{"name":"(anonymous_45)","decl":{"start":{"line":1580,"column":8},"end":{"line":1580,"column":null}},"loc":{"start":{"line":1584,"column":19},"end":{"line":1591,"column":null}},"line":1584},"46":{"name":"(anonymous_46)","decl":{"start":{"line":1605,"column":8},"end":{"line":1605,"column":null}},"loc":{"start":{"line":1608,"column":21},"end":{"line":1612,"column":null}},"line":1608},"47":{"name":"(anonymous_47)","decl":{"start":{"line":1632,"column":8},"end":{"line":1632,"column":null}},"loc":{"start":{"line":1636,"column":19},"end":{"line":1643,"column":null}},"line":1636},"48":{"name":"(anonymous_48)","decl":{"start":{"line":1657,"column":8},"end":{"line":1657,"column":28}},"loc":{"start":{"line":1657,"column":78},"end":{"line":1661,"column":null}},"line":1657},"49":{"name":"(anonymous_49)","decl":{"start":{"line":1681,"column":8},"end":{"line":1681,"column":null}},"loc":{"start":{"line":1685,"column":19},"end":{"line":1692,"column":null}},"line":1685},"50":{"name":"(anonymous_50)","decl":{"start":{"line":1715,"column":8},"end":{"line":1715,"column":21}},"loc":{"start":{"line":1715,"column":74},"end":{"line":1719,"column":null}},"line":1715},"51":{"name":"(anonymous_51)","decl":{"start":{"line":1742,"column":8},"end":{"line":1742,"column":null}},"loc":{"start":{"line":1747,"column":21},"end":{"line":1756,"column":null}},"line":1747},"52":{"name":"(anonymous_52)","decl":{"start":{"line":1777,"column":8},"end":{"line":1777,"column":null}},"loc":{"start":{"line":1782,"column":19},"end":{"line":1790,"column":null}},"line":1782},"53":{"name":"(anonymous_53)","decl":{"start":{"line":1808,"column":8},"end":{"line":1808,"column":null}},"loc":{"start":{"line":1811,"column":24},"end":{"line":1815,"column":null}},"line":1811}},"branchMap":{"0":{"loc":{"start":{"line":151,"column":19},"end":{"line":151,"column":null}},"type":"binary-expr","locations":[{"start":{"line":151,"column":19},"end":{"line":151,"column":37}},{"start":{"line":151,"column":37},"end":{"line":151,"column":null}}],"line":151},"1":{"loc":{"start":{"line":208,"column":4},"end":{"line":208,"column":null}},"type":"default-arg","locations":[{"start":{"line":208,"column":56},"end":{"line":208,"column":null}}],"line":208},"2":{"loc":{"start":{"line":209,"column":4},"end":{"line":209,"column":null}},"type":"default-arg","locations":[{"start":{"line":209,"column":25},"end":{"line":209,"column":null}}],"line":209},"3":{"loc":{"start":{"line":237,"column":4},"end":{"line":239,"column":null}},"type":"if","locations":[{"start":{"line":237,"column":4},"end":{"line":239,"column":null}},{"start":{},"end":{}}],"line":237},"4":{"loc":{"start":{"line":243,"column":4},"end":{"line":245,"column":null}},"type":"if","locations":[{"start":{"line":243,"column":4},"end":{"line":245,"column":null}},{"start":{},"end":{}}],"line":243},"5":{"loc":{"start":{"line":281,"column":52},"end":{"line":281,"column":65}},"type":"binary-expr","locations":[{"start":{"line":281,"column":52},"end":{"line":281,"column":63}},{"start":{"line":281,"column":63},"end":{"line":281,"column":65}}],"line":281},"6":{"loc":{"start":{"line":316,"column":4},"end":{"line":316,"column":null}},"type":"if","locations":[{"start":{"line":316,"column":4},"end":{"line":316,"column":null}},{"start":{},"end":{}}],"line":316},"7":{"loc":{"start":{"line":349,"column":4},"end":{"line":349,"column":null}},"type":"if","locations":[{"start":{"line":349,"column":4},"end":{"line":349,"column":null}},{"start":{},"end":{}}],"line":349},"8":{"loc":{"start":{"line":367,"column":4},"end":{"line":367,"column":null}},"type":"if","locations":[{"start":{"line":367,"column":4},"end":{"line":367,"column":null}},{"start":{},"end":{}}],"line":367},"9":{"loc":{"start":{"line":385,"column":4},"end":{"line":385,"column":null}},"type":"if","locations":[{"start":{"line":385,"column":4},"end":{"line":385,"column":null}},{"start":{},"end":{}}],"line":385},"10":{"loc":{"start":{"line":420,"column":10},"end":{"line":420,"column":null}},"type":"binary-expr","locations":[{"start":{"line":420,"column":10},"end":{"line":420,"c
[...]
0,"column":null}},"77":{"start":{"line":271,"column":8},"end":{"line":275,"column":null}},"78":{"start":{"line":279,"column":4},"end":{"line":279,"column":null}},"79":{"start":{"line":281,"column":4},"end":{"line":281,"column":null}},"80":{"start":{"line":284,"column":2},"end":{"line":285,"column":null}},"81":{"start":{"line":285,"column":4},"end":{"line":285,"column":null}},"82":{"start":{"line":304,"column":19},"end":{"line":304,"column":null}},"83":{"start":{"line":305,"column":2},"end":{"line":312,"column":null}},"84":{"start":{"line":306,"column":4},"end":{"line":311,"column":null}},"85":{"start":{"line":307,"column":6},"end":{"line":307,"column":null}},"86":{"start":{"line":309,"column":6},"end":{"line":309,"column":null}},"87":{"start":{"line":310,"column":6},"end":{"line":310,"column":null}},"88":{"start":{"line":314,"column":2},"end":{"line":316,"column":null}},"89":{"start":{"line":315,"column":4},"end":{"line":315,"column":null}},"90":{"start":{"line":335,"column":2},"end":{"line":337,"column":null}},"91":{"start":{"line":336,"column":4},"end":{"line":336,"column":null}},"92":{"start":{"line":354,"column":2},"end":{"line":372,"column":null}},"93":{"start":{"line":355,"column":10},"end":{"line":355,"column":null}},"94":{"start":{"line":356,"column":4},"end":{"line":356,"column":null}},"95":{"start":{"line":358,"column":4},"end":{"line":363,"column":null}},"96":{"start":{"line":359,"column":6},"end":{"line":361,"column":null}},"97":{"start":{"line":362,"column":6},"end":{"line":362,"column":null}},"98":{"start":{"line":365,"column":4},"end":{"line":365,"column":null}},"99":{"start":{"line":366,"column":4},"end":{"line":366,"column":null}},"100":{"start":{"line":368,"column":4},"end":{"line":368,"column":null}},"101":{"start":{"line":370,"column":4},"end":{"line":370,"column":null}},"102":{"start":{"line":371,"column":4},"end":{"line":371,"column":null}},"103":{"start":{"line":390,"column":25},"end":{"line":390,"column":null}},"104":{"start":{"line":392,"column":2},"end":{"line":392,"column":null}},"105":{"start":{"line":393,"column":2},"end":{"line":400,"column":null}},"106":{"start":{"line":394,"column":25},"end":{"line":398,"column":null}},"107":{"start":{"line":399,"column":4},"end":{"line":399,"column":null}},"108":{"start":{"line":418,"column":19},"end":{"line":418,"column":null}},"109":{"start":{"line":419,"column":2},"end":{"line":442,"column":null}},"110":{"start":{"line":420,"column":27},"end":{"line":420,"column":null}},"111":{"start":{"line":421,"column":21},"end":{"line":421,"column":null}},"112":{"start":{"line":423,"column":4},"end":{"line":437,"column":null}},"113":{"start":{"line":424,"column":26},"end":{"line":424,"column":null}},"114":{"start":{"line":425,"column":6},"end":{"line":436,"column":null}},"115":{"start":{"line":426,"column":8},"end":{"line":430,"column":null}},"116":{"start":{"line":432,"column":8},"end":{"line":432,"column":null}},"117":{"start":{"line":433,"column":8},"end":{"line":435,"column":null}},"118":{"start":{"line":439,"column":4},"end":{"line":439,"column":null}},"119":{"start":{"line":441,"column":4},"end":{"line":441,"column":null}},"120":{"start":{"line":444,"column":2},"end":{"line":444,"column":null}},"121":{"start":{"line":444,"column":18},"end":{"line":444,"column":null}},"122":{"start":{"line":466,"column":2},"end":{"line":483,"column":null}},"123":{"start":{"line":467,"column":35},"end":{"line":467,"column":null}},"124":{"start":{"line":468,"column":4},"end":{"line":482,"column":null}},"125":{"start":{"line":469,"column":6},"end":{"line":471,"column":null}},"126":{"start":{"line":470,"column":8},"end":{"line":470,"column":null}},"127":{"start":{"line":472,"column":6},"end":{"line":481,"column":null}},"128":{"start":{"line":473,"column":22},"end":{"line":473,"column":null}},"129":{"start":{"line":474,"column":8},"end":{"line":478,"column":null}},"130":{"start":{"line":475,"column":10},"end":{"line":475,"column":null}},"131":{"start":{"line":477,"column":10},"end":{"line":477,"column":null}},"132":{"start":{"line":480,"column":8},"end":{"line":480,"column":null}}},"fnMap":{"0":{"name":"compileValidator","decl":{"start":{"line":41,"column":22},"end":{"line":41,"column":null}},"loc":{"start":{"line":43,"column":17},"end":{"line":54,"column":null}},"line":43},"1":{"name":"runValidator","decl":{"start":{"line":71,"column":15},"end":{"line":71,"column":null}},"loc":{"start":{"line":75,"column":2},"end":{"line":110,"column":null}},"line":75},"2":{"name":"(anonymous_2)","decl":{"start":{"line":83,"column":15},"end":{"line":83,"column":25}},"loc":{"start":{"line":83,"column":25},"end":{"line":87,"column":null}},"line":83},"3":{"name":"(anonymous_3)","decl":{"start":{"line":88,"column":17},"end":{"line":88,"column":29}},"loc":{"start":{"line":88,"column":29},"end":{"line":94,"column":null}},"line":88},"4":{"name":"(anonymous_4)","decl":{"start":{"line":95,"column":24},"end":{"line":95,"column":36}},"loc":{"start":{"line":95,"column":36},"end":{"line":101,"column":null}},"line":95},"5":{"name":"validateSingleTest","decl":{"start":{"line":125,"column":22},"end":{"line":125,"column":null}},"loc":{"start":{"line":129,"column":2},"end":{"line":149,"column":null}},"line":129},"6":{"name":"validateTestset","decl":{"start":{"line":163,"column":22},"end":{"line":163,"column":null}},"loc":{"start":{"line":166,"column":2},"end":{"line":202,"column":null}},"line":166},"7":{"name":"validateGroup","decl":{"start":{"line":217,"column":22},"end":{"line":217,"column":null}},"loc":{"start":{"line":221,"column":2},"end":{"line":286,"column":null}},"line":221},"8":{"name":"validateAllTestsets","decl":{"start":{"line":300,"column":22},"end":{"line":300,"column":null}},"loc":{"start":{"line":303,"column":2},"end":{"line":317,"column":null}},"line":303},"9":{"name":"ensureValidatorExists","decl":{"start":{"line":332,"column":16},"end":{"line":332,"column":null}},"loc":{"start":{"line":334,"column":39},"end":{"line":338,"column":null}},"line":334},"10":{"name":"testValidatorItself","decl":{"start":{"line":353,"column":22},"end":{"line":353,"column":44}},"loc":{"start":{"line":353,"column":44},"end":{"line":373,"column":null}},"line":353},"11":{"name":"makeValidatorTests","decl":{"start":{"line":389,"column":15},"end":{"line":389,"column":34}},"loc":{"start":{"line":389,"column":57},"end":{"line":401,"column":null}},"line":389},"12":{"name":"runValidatorTests","decl":{"start":{"line":417,"column":22},"end":{"line":417,"column":40}},"loc":{"start":{"line":417,"column":67},"end":{"line":445,"column":null}},"line":417},"13":{"name":"parseValidatorTests","decl":{"start":{"line":465,"column":9},"end":{"line":465,"column":29}},"loc":{"start":{"line":465,"column":78},"end":{"line":484,"column":null}},"line":465},"14":{"name":"(anonymous_14)","decl":{"start":{"line":466,"column":21},"end":{"line":466,"column":22}},"loc":{"start":{"line":466,"column":42},"end":{"line":483,"column":3}},"line":466},"15":{"name":"(anonymous_15)","decl":{"start":{"line":468,"column":49},"end":{"line":468,"column":50}},"loc":{"start":{"line":468,"column":64},"end":{"line":482,"column":5}},"line":468}},"branchMap":{"0":{"loc":{"start":{"line":45,"column":4},"end":{"line":47,"column":null}},"type":"if","locations":[{"start":{"line":45,"column":4},"end":{"line":47,"column":null}},{"start":{},"end":{}}],"line":45},"1":{"loc":{"start":{"line":50,"column":10},"end":{"line":52,"column":null}},"type":"cond-expr","locations":[{"start":{"line":51,"column":8},"end":{"line":51,"column":null}},{"start":{"line":52,"column":8},"end":{"line":52,"column":null}}],"line":50},"2":{"loc":{"start":{"line":85,"column":8},"end":{"line":86,"column":null}},"type":"if","locations":[{"start":{"line":85,"column":8},"end":{"line":86,"column":null}},{"start":{},"end":{}}],"line":85},"3":{"loc":{"start":{"line":86,"column":26},"end":{"line":86,"column":71}},"type":"binary-expr","locations":[{"start":{"line":86,"column":26},"end":{"line":86,"column":43}},{"start":{"line":86,"column":43},"end":{"line":86,"column":71}}],"line":86},"4":{"loc":{"start":{"line":107,"column":2},"end":{"line":109,"column":null}},"type":"if","locations":[{"start":{"line":107,"column":2},"end":{"line":109,"column":null}},{"start":{},"end":{}}],"line":107},"5":{"loc":{"start":{"line":107,"column":6},"end":{"line":107,"column":57}},"type":"binary-expr","locations":[{"start":{"line":107,"column":6},"end":{"line":107,"column":39}},{"start":{"line":107,"column":39},"end":{"line":107,"column":57}}],"line":107},"6":{"loc":{"start":{"line":135,"column":4},"end":{"line":137,"column":null}},"type":"if","locations":[{"start":{"line":135,"column":4},"end":{"line":137,"column":null}},{"start":{},"end":{}}],"line":135},"7":{"loc":{"start":{"line":143,"column":51},"end":{"line":143,"column":107}},"type":"cond-expr","locations":[{"start":{"line":143,"column":76},"end":{"line":143,"column":92}},{"start":{"line":143,"column":92},"end":{"line":143,"column":107}}],"line":143},"8":{"loc":{"start":{"line":172,"column":4},"end":{"line":174,"column":null}},"type":"if","locations":[{"start":{"line":172,"column":4},"end":{"line":174,"column":null}},{"start":{},"end":{}}],"line":172},"9":{"loc":{"start":{"line":178,"column":4},"end":{"line":180,"column":null}},"type":"if","locations":[{"start":{"line":178,"column":4},"end":{"line":180,"column":null}},{"start":{},"end":{}}],"line":178},"10":{"loc":{"start":{"line":190,"column":84},"end":{"line":190,"column":140}},"type":"cond-expr","locations":[{"start":{"line":190,"column":109},"end":{"line":190,"column":125}},{"start":{"line":190,"column":125},"end":{"line":190,"column":140}}],"line":190},"11":{"loc":{"start":{"line":201,"column":2},"end":{"line":201,"column":null}},"type":"if","locations":[{"start":{"line":201,"column":2},"end":{"line":201,"column":null}},{"start":{},"end":{}}],"line":201},"12":{"loc":{"start":{"line":227,"column":4},"end":{"line":229,"column":null}},"type":"if","locations":[{"start":{"line":227,"column":4},"end":{"line":229,"column":null}},{"start":{},"end":{}}],"line":227},"13":{"loc":{"start":{"line":239,"column":6},"end":{"line":258,"column":null}},"type":"if","locations":[{"start":{"line":239,"column":6},"end":{"line":258,"column":null}},{"start":{"line":250,"column":13},"end":{"line":258,"column":null}}],"line":239},"14":{"loc":{"start":{"line":240,"column":8},"end":{"line":249,"column":null}},"type":"if","locations":[{"start":{"line":240,"column":8},"end":{"line":249,"column":null}},{"start":{"line":246,"column":15},"end":{"line":249,"column":null}}],"line":240},"15":{"loc":{"start":{"line":240,"column":12},"end":{"line":240,"column":59}},"type":"binary-expr","locations":[{"start":{"line":240,"column":12},"end":{"line":240,"column":44}},{"start":{"line":240,"column":44},"end":{"line":240,"column":59}}],"line":240},"16":{"loc":{"start":{"line":252,"column":8},"end":{"line":257,"column":null}},"type":"if","locations":[{"start":{"line":252,"column":8},"end":{"line":257,"column":null}},{"start":{"line":255,"column":15},"end":{"line":257,"column":null}}],"line":252},"17":{"loc":{"start":{"line":252,"column":12},"end":{"line":252,"column":59}},"type":"binary-expr","locations":[{"start":{"line":252,"column":12},"end":{"line":252,"column":44}},{"start":{"line":252,"column":44},"end":{"line":252,"column":59}}],"line":252},"18":{"loc":{"start":{"line":261,"column":4},"end":{"line":263,"column":null}},"type":"if","locations":[{"start":{"line":261,"column":4},"end":{"line":263,"column":null}},{"start":{},"end":{}}],"line":261},"19":{"loc":{"start":{"line":273,"column":77},"end":{"line":273,"column":133}},"type":"cond-expr","locations":[{"start":{"line":273,"column":102},"end":{"line":273,"column":118}},{"start":{"line":273,"column":118},"end":{"line":273,"column":133}}],"line":273},"20":{"loc":{"start":{"line":284,"column":2},"end":{"line":285,"column":null}},"type":"if","locations":[{"start":{"line":284,"column":2},"end":{"line":285,"column":null}},{"start":{},"end":{}}],"line":284},"21":{"loc":{"start":{"line":314,"column":2},"end":{"line":316,"column":null}},"type":"if","locations":[{"start":{"line":314,"column":2},"end":{"line":316,"column":null}},{"start":{},"end":{}}],"line":314},"22":{"loc":{"start":{"line":335,"column":2},"end":{"line":337,"column":null}},"type":"if","locations":[{"start":{"line":335,"column":2},"end":{"line":337,"column":null}},{"start":{},"end":{}}],"line":335},"23":{"loc":{"start":{"line":358,"column":4},"end":{"line":363,"column":null}},"type":"if","locations":[{"start":{"line":358,"column":4},"end":{"line":363,"column":null}},{"start":{},"end":{}}],"line":358},"24":{"loc":{"start":{"line":444,"column":2},"end":{"line":444,"column":null}},"type":"if","locations":[{"start":{"line":444,"column":2},"end":{"line":444,"column":null}},{"start":{},"end":{}}],"line":444},"25":{"loc":{"start":{"line":469,"column":6},"end":{"line":471,"column":null}},"type":"if","locations":[{"start":{"line":469,"column":6},"end":{"line":471,"column":null}},{"start":{},"end":{}}],"line":469},"26":{"loc":{"start":{"line":474,"column":8},"end":{"line":478,"column":null}},"type":"if","locations":[{"start":{"line":474,"column":8},"end":{"line":478,"column":null}},{"start":{"line":476,"column":15},"end":{"line":478,"column":null}}],"line":474}},"s":{"0":3,"1":3,"2":1,"3":2,"4":3,"5":0,"6":0,"7":0,"8":0,"9":0,"10":0,"11":0,"12":0,"13":0,"14":0,"15":0,"16":0,"17":0,"18":0,"19":0,"20":0,"21":0,"22":0,"23":0,"24":0,"25":0,"26":0,"27":0,"28":0,"29":0,"30":0,"31":0,"32":0,"33":0,"34":0,"35":0,"36":0,"37":0,"38":0,"39":0,"40":0,"41":0,"42":0,"43":0,"44":0,"45":0,"46":0,"47":0,"48":0,"49":0,"50":0,"51":0,"52":0,"53":0,"54":0,"55":0,"56":0,"57":0,"58":0,"59":0,"60":0,"61":0,"62":0,"63":0,"64":0,"65":0,"66":0,"67":0,"68":0,"69":0,"70":0,"71":0,"72":0,"73":0,"74":0,"75":0,"76":0,"77":0,"78":0,"79":0,"80":0,"81":0,"82":0,"83":0,"84":0,"85":0,"86":0,"87":0,"88":0,"89":0,"90":4,"91":1,"92":0,"93":0,"94":0,"95":0,"96":0,"97":0,"98":0,"99":0,"100":0,"101":0,"102":0,"103":0,"104":0,"105":0,"106":0,"107":0,"108":0,"109":0,"110":0,"111":0,"112":0,"113":0,"114":0,"115":0,"116":0,"117":0,"118":0,"119":0,"120":0,"121":0,"122":0,"123":0,"124":0,"125":0,"126":0,"127":0,"128":0,"129":0,"130":0,"131":0,"132":0},"f":{"0":3,"1":0,"2":0,"3":0,"4":0,"5":0,"6":0,"7":0,"8":0,"9":4,"10":0,"11":0,"12":0,"13":0,"14":0,"15":0},"b":{"0":[1,2],"1":[3,0],"2":[0,0],"3":[0,0],"4":[0,0],"5":[0,0],"6":[0,0],"7":[0,0],"8":[0,0],"9":[0,0],"10":[0,0],"11":[0,0],"12":[0,0],"13":[0,0],"14":[0,0],"15":[0,0],"16":[0,0],"17":[0,0],"18":[0,0],"19":[0,0],"20":[0,0],"21":[0,0],"22":[1,3],"23":[0,0],"24":[0,0],"25":[0,0],"26":[0,0]},"meta":{"lastBranch":27,"lastFunction":16,"lastStatement":133,"seen":{"f:41:22:41:Infinity":0,"s:44:2:53:Infinity":0,"b:45:4:47:Infinity:undefined:undefined:undefined:undefined":0,"s:45:4:47:Infinity":1,"s:46:6:46:Infinity":2,"s:48:4:48:Infinity":3,"s:50:4:52:Infinity":4,"b:51:8:51:Infinity:52:8:52:Infinity":1,"f:71:15:71:Infinity":1,"s:76:24:76:Infinity":5,"s:77:2:105:Infinity":6,"f:83:15:83:25":2,"s:84:8:84:Infinity":7,"b:85:8:86:Infinity:undefined:undefined:undefined:undefined":2,"s:85:8:86:Infinity":8,"s:86:10:86:Infinity":9,"b:86:26:86:43:86:43:86:71":3,"f:88:17:88:29":3,"s:89:8:91:Infinity":10,"s:92:8:92:Infinity":11,"s:93:8:93:Infinity":12,"f:95:24:95:36":4,"s:96:8:98:Infinity":13,"s:99:8:99:Infinity":14,"s:100:8:100:Infinity":15,"b:107:2:109:Infinity:undefined:undefined:undefined:undefined":4,"s:107:2:109:Infinity":16,"b:107:6:107:39:107:39:107:57":5,"s:108:4:108:Infinity":17,"f:125:22:125:Infinity":5,"s:130:2:148:Infinity":18,"s:131:10:131:Infinity":19,"s:132:21:132:Infinity":20,"s:133:25:133:Infinity":21,"b:135:4:137:Infinity:undefined:undefined:undefined:undefined":6,"s:135:4:137:Infinity":22,"s:136:6:136:Infinity":23,"s:139:4:145:Infinity":24,"s:140:6:140:Infinity":25,"s:142:6:144:Infinity":26,"b:143:76:143:92:143:92:143:107":7,"s:147:4:147:Infinity":27,"f:163:22:163:Infinity":6,"s:167:19:167:Infinity":28,"s:168:2:199:Infinity":29,"s:169:10:169:Infinity":30,"s:170:21:170:Infinity":31,"b:172:4:174:Infinity:undefined:undefined:undefined:undefined":8,"s:172:4:174:Infinity":32,"s:173:6:173:Infinity":33,"s:176:10:176:Infinity":34,"b:178:4:180:Infinity:undefined:undefined:undefined:undefined":9,"s:178:4:180:Infinity":35,"s:179:6:179:Infinity":36,"s:182:4:194:Infinity":37,"s:183:27:183:Infinity":38,"s:184:6:193:Infinity":39,"s:185:8:185:Infinity":40,"s:187:8:187:Infinity":41,"s:188:8:192:Infinity":42,"b:190:109:190:125:190:125:190:140":10,"s:196:4:196:Infinity":43,"s:198:4:198:Infinity":44,"b:201:2:201:Infinity:undefined:undefined:undefined:undefined":11,"s:201:2:201:Infinity":45,"s:201:18:201:Infinity":46,"f:217:22:217:Infinity":7,"s:222:19:222:Infinity":47,"s:223:2:282:Infinity":48,"s:224:10:224:Infinity":49,"s:225:21:225:Infinity":50,"b:227:4:229:Infinity:undefined:undefined:undefined:undefined":12,"s:227:4:229:Infinity":51,"s:228:6:228:Infinity":52,"s:232:10:232:Infinity":53,"s:235:36:235:Infinity":54,"s:236:23:236:Infinity":55,"s:238:4:259:Infinity":56,"b:239:6:258:Infinity:250:13:258:Infinity":13,"s:239:6:258:Infinity":57,"b:240:8:249:Infinity:246:15:249:Infinity":14,"s:240:8:249:Infinity":58,"b:240:12:240:44:240:44:240:59":15,"s:241:31:241:Infinity":59,"s:242:10:245:Infinity":60,"s:242:23:242:30":61,"s:243:12:243:Infinity":62,"s:244:12:244:Infinity":63,"s:247:10:247:Infinity":64,"s:248:10:248:Infinity":65,"b:252:8:257:Infinity:255:15:257:Infinity":16,"s:252:8:257:Infinity":66,"b:252:12:252:44:252:44:252:59":17,"s:253:31:253:Infinity":67,"s:254:10:254:Infinity":68,"s:256:10:256:Infinity":69,"b:261:4:263:Infinity:undefined:undefined:undefined:undefined":18,"s:261:4:263:Infinity":70,"s:262:6:262:Infinity":71,"s:265:4:277:Infinity":72,"s:266:27:266:Infinity":73,"s:267:6:276:Infinity":74,"s:268:8:268:Infinity":75,"s:270:8:270:Infinity":76,"s:271:8:275:Infinity":77,"b:273:102:273:118:273:118:273:133":19,"s:279:4:279:Infinity":78,"s:281:4:281:Infinity":79,"b:284:2:285:Infinity:undefined:undefined:undefined:undefined":20,"s:284:2:285:Infinity":80,"s:285:4:285:Infinity":81,"f:300:22:300:Infinity":8,"s:304:19:304:Infinity":82,"s:305:2:312:Infinity":83,"s:306:4:311:Infinity":84,"s:307:6:307:Infinity":85,"s:309:6:309:Infinity":86,"s:310:6:310:Infinity":87,"b:314:2:316:Infinity:undefined:undefined:undefined:undefined":21,"s:314:2:316:Infinity":88,"s:315:4:315:Infinity":89,"f:332:16:332:Infinity":9,"b:335:2:337:Infinity:undefined:undefined:undefined:undefined":22,"s:335:2:337:Infinity":90,"s:336:4:336:Infinity":91,"f:353:22:353:44":10,"s:354:2:372:Infinity":92,"s:355:10:355:Infinity":93,"s:356:4:356:Infinity":94,"b:358:4:363:Infinity:undefined:undefined:undefined:undefined":23,"s:358:4:363:Infinity":95,"s:359:6:361:Infinity":96,"s:362:6:362:Infinity":97,"s:365:4:365:Infinity":98,"s:366:4:366:Infinity":99,"s:368:4:368:Infinity":100,"s:370:4:370:Infinity":101,"s:371:4:371:Infinity":102,"f:389:15:389:34":11,"s:390:25:390:Infinity":103,"s:392:2:392:Infinity":104,"s:393:2:400:Infinity":105,"s:394:25:398:Infinity":106,"s:399:4:399:Infinity":107,"f:417:22:417:40":12,"s:418:19:418:Infinity":108,"s:419:2:442:Infinity":109,"s:420:27:420:Infinity":110,"s:421:21:421:Infinity":111,"s:423:4:437:Infinity":112,"s:424:26:424:Infinity":113,"s:425:6:436:Infinity":114,"s:426:8:430:Infinity":115,"s:432:8:432:Infinity":116,"s:433:8:435:Infinity":117,"s:439:4:439:Infinity":118,"s:441:4:441:Infinity":119,"b:444:2:444:Infinity:undefined:undefined:undefined:undefined":24,"s:444:2:444:Infinity":120,"s:444:18:444:Infinity":121,"f:465:9:465:29":13,"s:466:2:483:Infinity":122,"f:466:21:466:22":14,"s:467:35:467:Infinity":123,"s:468:4:482:Infinity":124,"f:468:49:468:50":15,"b:469:6:471:Infinity:undefined:undefined:undefined:undefined":25,"s:469:6:471:Infinity":125,"s:470:8:470:Infinity":126,"s:472:6:481:Infinity":127,"s:473:22:473:Infinity":128,"b:474:8:478:Infinity:476:15:478:Infinity":26,"s:474:8:478:Infinity":129,"s:475:10:475:Infinity":130,"s:477:10:477:Infinity":131,"s:480:8:480:Infinity":132}}}
}
