TN:
SF:src/executor.ts
FN:87,(anonymous_0)
FN:118,(anonymous_1)
FN:128,(anonymous_2)
FN:140,(anonymous_3)
FN:150,(anonymous_4)
FN:186,(anonymous_5)
FN:214,(anonymous_6)
FN:253,(anonymous_7)
FN:280,(anonymous_8)
FN:304,(anonymous_9)
FN:307,(anonymous_10)
FN:311,(anonymous_11)
FN:332,(anonymous_12)
FN:335,(anonymous_13)
FN:339,(anonymous_14)
FN:363,(anonymous_15)
FN:392,(anonymous_16)
FN:398,(anonymous_17)
FN:403,(anonymous_18)
FN:413,(anonymous_19)
FN:445,(anonymous_20)
FN:454,(anonymous_21)
FN:461,(anonymous_22)
FN:486,(anonymous_23)
FN:517,(anonymous_24)
FN:563,(anonymous_25)
FN:599,(anonymous_26)
FN:637,(anonymous_27)
FN:666,(anonymous_28)
FN:705,(anonymous_29)
FN:746,(anonymous_30)
FN:786,(anonymous_31)
FN:818,(anonymous_32)
FN:825,(anonymous_33)
FN:854,(anonymous_34)
FN:873,(anonymous_35)
FN:878,(anonymous_36)
FN:896,(anonymous_37)
FN:918,(anonymous_38)
FNF:39
FNH:18
FNDA:6,(anonymous_0)
FNDA:6,(anonymous_1)
FNDA:6,(anonymous_2)
FNDA:0,(anonymous_3)
FNDA:0,(anonymous_4)
FNDA:6,(anonymous_5)
FNDA:6,(anonymous_6)
FNDA:6,(anonymous_7)
FNDA:6,(anonymous_8)
FNDA:6,(anonymous_9)
FNDA:0,(anonymous_10)
FNDA:6,(anonymous_11)
FNDA:6,(anonymous_12)
FNDA:6,(anonymous_13)
FNDA:6,(anonymous_14)
FNDA:0,(anonymous_15)
FNDA:0,(anonymous_16)
FNDA:0,(anonymous_17)
FNDA:0,(anonymous_18)
FNDA:0,(anonymous_19)
FNDA:6,(anonymous_20)
FNDA:6,(anonymous_21)
FNDA:6,(anonymous_22)
FNDA:0,(anonymous_23)
FNDA:6,(anonymous_24)
FNDA:6,(anonymous_25)
FNDA:0,(anonymous_26)
FNDA:0,(anonymous_27)
FNDA:6,(anonymous_28)
FNDA:0,(anonymous_29)
FNDA:0,(anonymous_30)
FNDA:0,(anonymous_31)
FNDA:0,(anonymous_32)
FNDA:0,(anonymous_33)
FNDA:0,(anonymous_34)
FNDA:0,(anonymous_35)
FNDA:0,(anonymous_36)
FNDA:0,(anonymous_37)
FNDA:0,(anonymous_38)
DA:68,6
DA:69,6
DA:70,6
DA:88,6
DA:89,6
DA:122,6
DA:126,6
DA:128,6
DA:129,6
DA:133,6
DA:136,6
DA:139,6
DA:141,0
DA:151,0
DA:154,6
DA:187,6
DA:189,0
DA:191,0
DA:193,0
DA:196,0
DA:197,0
DA:200,0
DA:201,0
DA:215,6
DA:218,0
DA:219,0
DA:221,0
DA:222,6
DA:225,6
DA:226,6
DA:227,0
DA:229,0
DA:231,0
DA:235,0
DA:236,0
DA:237,6
DA:254,6
DA:261,6
DA:263,6
DA:281,6
DA:305,6
DA:307,6
DA:308,0
DA:311,6
DA:312,6
DA:315,6
DA:335,6
DA:336,6
DA:339,6
DA:340,6
DA:343,6
DA:371,0
DA:373,0
DA:374,0
DA:376,0
DA:383,0
DA:384,0
DA:390,0
DA:392,0
DA:393,0
DA:396,0
DA:398,0
DA:399,0
DA:401,0
DA:402,0
DA:404,0
DA:405,0
DA:406,0
DA:408,0
DA:414,0
DA:417,0
DA:424,0
DA:454,6
DA:455,6
DA:456,6
DA:457,6
DA:461,6
DA:462,6
DA:463,6
DA:464,6
DA:474,0
DA:478,6
DA:479,0
DA:481,6
DA:482,6
DA:486,6
DA:487,0
DA:488,0
DA:489,0
DA:490,0
DA:491,0
DA:492,0
DA:494,0
DA:526,6
DA:532,6
DA:533,0
DA:534,0
DA:537,6
DA:538,0
DA:540,6
DA:569,6
DA:574,6
DA:579,6
DA:607,0
DA:608,0
DA:610,0
DA:611,0
DA:616,0
DA:617,0
DA:618,0
DA:620,0
DA:642,0
DA:644,0
DA:645,0
DA:648,0
DA:649,0
DA:672,6
DA:674,6
DA:675,0
DA:678,6
DA:679,0
DA:680,0
DA:682,6
DA:712,0
DA:713,0
DA:714,0
DA:716,0
DA:717,0
DA:720,0
DA:721,0
DA:722,0
DA:724,0
DA:747,0
DA:748,0
DA:749,0
DA:754,0
DA:755,0
DA:757,0
DA:761,0
DA:792,0
DA:797,0
DA:823,0
DA:825,0
DA:826,0
DA:827,0
DA:828,0
DA:829,0
DA:830,0
DA:831,0
DA:834,0
DA:835,0
DA:836,0
DA:838,0
DA:839,0
DA:840,0
DA:842,0
DA:855,0
DA:874,0
DA:877,0
DA:878,0
DA:881,0
DA:882,0
DA:897,0
DA:898,0
DA:899,0
DA:900,0
DA:901,0
DA:919,0
DA:937,6
LF:169
LH:57
BRDA:151,0,0,0
BRDA:151,0,1,0
BRDA:187,1,0,6
BRDA:187,1,1,0
BRDA:191,2,0,0
BRDA:191,2,1,0
BRDA:196,3,0,0
BRDA:196,3,1,0
BRDA:215,4,0,6
BRDA:215,4,1,0
BRDA:219,5,0,0
BRDA:219,5,1,0
BRDA:221,6,0,0
BRDA:221,6,1,0
BRDA:221,6,2,0
BRDA:222,7,0,6
BRDA:222,7,1,0
BRDA:226,8,0,0
BRDA:226,8,1,6
BRDA:229,9,0,0
BRDA:229,9,1,0
BRDA:236,10,0,0
BRDA:236,10,1,0
BRDA:371,11,0,0
BRDA:371,11,1,0
BRDA:371,12,0,0
BRDA:371,12,1,0
BRDA:383,13,0,0
BRDA:383,13,1,0
BRDA:396,14,0,0
BRDA:396,14,1,0
BRDA:401,15,0,0
BRDA:401,15,1,0
BRDA:409,16,0,0
BRDA:409,16,1,0
BRDA:414,17,0,0
BRDA:414,17,1,0
BRDA:455,18,0,0
BRDA:455,18,1,6
BRDA:474,19,0,0
BRDA:474,19,1,0
BRDA:478,20,0,0
BRDA:478,20,1,6
BRDA:487,21,0,0
BRDA:487,21,1,0
BRDA:494,22,0,0
BRDA:494,22,1,0
BRDA:529,23,0,6
BRDA:529,23,1,0
BRDA:532,24,0,0
BRDA:532,24,1,6
BRDA:537,25,0,0
BRDA:537,25,1,6
BRDA:569,26,0,6
BRDA:569,26,1,6
BRDA:574,27,0,6
BRDA:574,27,1,6
BRDA:574,27,2,6
BRDA:574,27,3,6
BRDA:579,28,0,6
BRDA:579,28,1,6
BRDA:610,29,0,0
BRDA:610,29,1,0
BRDA:616,30,0,0
BRDA:616,30,1,0
BRDA:644,31,0,0
BRDA:644,31,1,0
BRDA:644,32,0,0
BRDA:644,32,1,0
BRDA:674,33,0,0
BRDA:674,33,1,6
BRDA:674,34,0,6
BRDA:674,34,1,0
BRDA:678,35,0,0
BRDA:678,35,1,6
BRDA:716,36,0,0
BRDA:716,36,1,0
BRDA:720,37,0,0
BRDA:720,37,1,0
BRDA:748,38,0,0
BRDA:748,38,1,0
BRDA:826,39,0,0
BRDA:826,39,1,0
BRDA:828,40,0,0
BRDA:828,40,1,0
BRDA:829,41,0,0
BRDA:829,41,1,0
BRDA:834,42,0,0
BRDA:834,42,1,0
BRDA:838,43,0,0
BRDA:838,43,1,0
BRDA:877,44,0,0
BRDA:877,44,1,0
BRDA:877,45,0,0
BRDA:877,45,1,0
BRDA:898,46,0,0
BRDA:898,46,1,0
BRF:97
BRH:20
end_of_record
TN:
SF:src/formatter.ts
FN:29,(anonymous_0)
FN:39,(anonymous_1)
FN:49,(anonymous_2)
FN:59,(anonymous_3)
FN:70,(anonymous_4)
FN:81,(anonymous_5)
FN:92,(anonymous_6)
FN:103,(anonymous_7)
FN:114,(anonymous_8)
FN:125,(anonymous_9)
FN:140,(anonymous_10)
FN:153,(anonymous_11)
FN:168,(anonymous_12)
FN:179,(anonymous_13)
FN:190,(anonymous_14)
FN:201,(anonymous_15)
FN:212,(anonymous_16)
FN:223,(anonymous_17)
FN:242,(anonymous_18)
FNF:19
FNH:0
FNDA:0,(anonymous_0)
FNDA:0,(anonymous_1)
FNDA:0,(anonymous_2)
FNDA:0,(anonymous_3)
FNDA:0,(anonymous_4)
FNDA:0,(anonymous_5)
FNDA:0,(anonymous_6)
FNDA:0,(anonymous_7)
FNDA:0,(anonymous_8)
FNDA:0,(anonymous_9)
FNDA:0,(anonymous_10)
FNDA:0,(anonymous_11)
FNDA:0,(anonymous_12)
FNDA:0,(anonymous_13)
FNDA:0,(anonymous_14)
FNDA:0,(anonymous_15)
FNDA:0,(anonymous_16)
FNDA:0,(anonymous_17)
FNDA:0,(anonymous_18)
DA:30,0
DA:40,0
DA:50,0
DA:60,0
DA:71,0
DA:82,0
DA:93,0
DA:104,0
DA:115,0
DA:126,0
DA:127,0
DA:128,0
DA:129,0
DA:130,0
DA:141,0
DA:142,0
DA:154,0
DA:155,0
DA:157,0
DA:169,0
DA:180,0
DA:191,0
DA:202,0
DA:213,0
DA:224,0
DA:225,0
DA:228,0
DA:229,0
DA:232,0
DA:243,0
DA:244,0
DA:247,0
DA:248,0
DA:251,0
DA:265,6
LF:35
LH:1
BRDA:154,0,0,0
BRDA:154,0,1,0
BRF:2
BRH:0
end_of_record
TN:
SF:src/polygon.ts
FN:148,(anonymous_0)
FN:164,(anonymous_1)
FN:181,(anonymous_2)
FN:206,(anonymous_3)
FN:275,(anonymous_4)
FN:297,(anonymous_5)
FN:314,(anonymous_6)
FN:340,(anonymous_7)
FN:365,(anonymous_8)
FN:383,(anonymous_9)
FN:413,(anonymous_10)
FN:440,(anonymous_11)
FN:478,(anonymous_12)
FN:507,(anonymous_13)
FN:538,(anonymous_14)
FN:568,(anonymous_15)
FN:591,(anonymous_16)
FN:616,(anonymous_17)
FN:635,(anonymous_18)
FN:660,(anonymous_19)
FN:678,(anonymous_20)
FN:697,(anonymous_21)
FN:726,(anonymous_22)
FN:758,(anonymous_23)
FN:797,(anonymous_24)
FN:832,(anonymous_25)
FN:878,(anonymous_26)
FN:903,(anonymous_27)
FN:953,(anonymous_28)
FN:1000,(anonymous_29)
FN:1020,(anonymous_30)
FN:1066,(anonymous_31)
FN:1115,(anonymous_32)
FN:1151,(anonymous_33)
FN:1183,(anonymous_34)
FN:1221,(anonymous_35)
FN:1250,(anonymous_36)
FN:1285,(anonymous_37)
FN:1340,(anonymous_38)
FN:1378,(anonymous_39)
FN:1413,(anonymous_40)
FN:1445,(anonymous_41)
FN:1480,(anonymous_42)
FN:1522,(anonymous_43)
FN:1557,(anonymous_44)
FN:1580,(anonymous_45)
FN:1605,(anonymous_46)
FN:1632,(anonymous_47)
FN:1657,(anonymous_48)
FN:1681,(anonymous_49)
FN:1715,(anonymous_50)
FN:1742,(anonymous_51)
FN:1777,(anonymous_52)
FN:1808,(anonymous_53)
FNF:54
FNH:9
FNDA:38,(anonymous_0)
FNDA:39,(anonymous_1)
FNDA:115,(anonymous_2)
FNDA:24,(anonymous_3)
FNDA:2,(anonymous_4)
FNDA:1,(anonymous_5)
FNDA:2,(anonymous_6)
FNDA:0,(anonymous_7)
FNDA:0,(anonymous_8)
FNDA:0,(anonymous_9)
FNDA:0,(anonymous_10)
FNDA:0,(anonymous_11)
FNDA:0,(anonymous_12)
FNDA:0,(anonymous_13)
FNDA:0,(anonymous_14)
FNDA:0,(anonymous_15)
FNDA:0,(anonymous_16)
FNDA:0,(anonymous_17)
FNDA:0,(anonymous_18)
FNDA:0,(anonymous_19)
FNDA:0,(anonymous_20)
FNDA:0,(anonymous_21)
FNDA:0,(anonymous_22)
FNDA:0,(anonymous_23)
FNDA:0,(anonymous_24)
FNDA:0,(anonymous_25)
FNDA:0,(anonymous_26)
FNDA:0,(anonymous_27)
FNDA:0,(anonymous_28)
FNDA:0,(anonymous_29)
FNDA:0,(anonymous_30)
FNDA:2,(anonymous_31)
FNDA:0,(anonymous_32)
FNDA:0,(anonymous_33)
FNDA:0,(anonymous_34)
FNDA:2,(anonymous_35)
FNDA:0,(anonymous_36)
FNDA:0,(anonymous_37)
FNDA:0,(anonymous_38)
FNDA:0,(anonymous_39)
FNDA:0,(anonymous_40)
FNDA:0,(anonymous_41)
FNDA:0,(anonymous_42)
FNDA:0,(anonymous_43)
FNDA:0,(anonymous_44)
FNDA:0,(anonymous_45)
FNDA:0,(anonymous_46)
FNDA:0,(anonymous_47)
FNDA:0,(anonymous_48)
FNDA:0,(anonymous_49)
FNDA:0,(anonymous_50)
FNDA:0,(anonymous_51)
FNDA:0,(anonymous_52)
FNDA:0,(anonymous_53)
DA:149,38
DA:150,38
DA:151,38
DA:169,39
DA:172,39
DA:179,39
DA:180,39
DA:181,115
DA:185,39
DA:188,39
DA:190,39
DA:211,24
DA:212,24
DA:215,24
DA:216,24
DA:217,25
DA:220,24
DA:227,24
DA:229,24
DA:237,22
DA:238,1
DA:241,21
DA:243,20
DA:244,2
DA:247,18
DA:281,2
DA:298,1
DA:315,2
DA:316,2
DA:317,2
DA:345,0
DA:349,0
DA:350,0
DA:366,0
DA:367,0
DA:368,0
DA:384,0
DA:385,0
DA:386,0
DA:418,0
DA:422,0
DA:423,0
DA:444,0
DA:445,0
DA:446,0
DA:484,0
DA:489,0
DA:490,0
DA:511,0
DA:512,0
DA:513,0
DA:545,0
DA:550,0
DA:551,0
DA:552,0
DA:569,0
DA:570,0
DA:571,0
DA:596,0
DA:601,0
DA:602,0
DA:617,0
DA:618,0
DA:619,0
DA:640,0
DA:644,0
DA:645,0
DA:661,0
DA:662,0
DA:663,0
DA:679,0
DA:680,0
DA:681,0
DA:702,0
DA:706,0
DA:707,0
DA:730,0
DA:731,0
DA:732,0
DA:770,0
DA:777,0
DA:778,0
DA:801,0
DA:802,0
DA:803,0
DA:842,0
DA:850,0
DA:851,0
DA:852,0
DA:879,0
DA:880,0
DA:881,0
DA:909,0
DA:914,0
DA:915,0
DA:967,0
DA:974,0
DA:975,0
DA:1001,0
DA:1002,0
DA:1003,0
DA:1025,0
DA:1029,0
DA:1030,0
DA:1077,2
DA:1084,2
DA:1085,2
DA:1126,0
DA:1132,0
DA:1133,0
DA:1156,0
DA:1160,0
DA:1161,0
DA:1189,0
DA:1194,0
DA:1195,0
DA:1227,2
DA:1231,2
DA:1232,2
DA:1233,2
DA:1256,0
DA:1261,0
DA:1262,0
DA:1291,0
DA:1296,0
DA:1297,0
DA:1348,0
DA:1354,0
DA:1355,0
DA:1356,0
DA:1385,0
DA:1391,0
DA:1392,0
DA:1419,0
DA:1424,0
DA:1425,0
DA:1450,0
DA:1454,0
DA:1455,0
DA:1486,0
DA:1490,0
DA:1491,0
DA:1492,0
DA:1533,0
DA:1539,0
DA:1540,0
DA:1558,0
DA:1559,0
DA:1560,0
DA:1585,0
DA:1589,0
DA:1590,0
DA:1609,0
DA:1610,0
DA:1611,0
DA:1637,0
DA:1641,0
DA:1642,0
DA:1658,0
DA:1659,0
DA:1660,0
DA:1686,0
DA:1690,0
DA:1691,0
DA:1716,0
DA:1717,0
DA:1718,0
DA:1748,0
DA:1752,0
DA:1753,0
DA:1754,0
DA:1755,0
DA:1783,0
DA:1788,0
DA:1789,0
DA:1812,0
DA:1813,0
DA:1814,0
LF:178
LH:37
BRDA:151,0,0,38
BRDA:151,0,1,37
BRDA:208,1,0,24
BRDA:209,2,0,24
BRDA:237,3,0,1
BRDA:237,3,1,21
BRDA:243,4,0,2
BRDA:243,4,1,18
BRDA:281,5,0,2
BRDA:281,5,1,1
BRDA:316,6,0,1
BRDA:316,6,1,1
BRDA:349,7,0,0
BRDA:349,7,1,0
BRDA:367,8,0,0
BRDA:367,8,1,0
BRDA:385,9,0,0
BRDA:385,9,1,0
BRDA:420,10,0,0
BRDA:420,10,1,0
BRDA:422,11,0,0
BRDA:422,11,1,0
BRDA:445,12,0,0
BRDA:445,12,1,0
BRDA:489,13,0,0
BRDA:489,13,1,0
BRDA:512,14,0,0
BRDA:512,14,1,0
BRDA:548,15,0,0
BRDA:548,15,1,0
BRDA:550,16,0,0
BRDA:550,16,1,0
BRDA:551,17,0,0
BRDA:551,17,1,0
BRDA:570,18,0,0
BRDA:570,18,1,0
BRDA:601,19,0,0
BRDA:601,19,1,0
BRDA:618,20,0,0
BRDA:618,20,1,0
BRDA:644,21,0,0
BRDA:644,21,1,0
BRDA:662,22,0,0
BRDA:662,22,1,0
BRDA:680,23,0,0
BRDA:680,23,1,0
BRDA:706,24,0,0
BRDA:706,24,1,0
BRDA:731,25,0,0
BRDA:731,25,1,0
BRDA:775,26,0,0
BRDA:775,26,1,0
BRDA:777,27,0,0
BRDA:777,27,1,0
BRDA:802,28,0,0
BRDA:802,28,1,0
BRDA:850,29,0,0
BRDA:850,29,1,0
BRDA:851,30,0,0
BRDA:851,30,1,0
BRDA:880,31,0,0
BRDA:880,31,1,0
BRDA:914,32,0,0
BRDA:914,32,1,0
BRDA:971,33,0,0
BRDA:971,33,1,0
BRDA:972,34,0,0
BRDA:972,34,1,0
BRDA:974,35,0,0
BRDA:974,35,1,0
BRDA:1002,36,0,0
BRDA:1002,36,1,0
BRDA:1029,37,0,0
BRDA:1029,37,1,0
BRDA:1080,38,0,1
BRDA:1080,38,1,1
BRDA:1082,39,0,2
BRDA:1082,39,1,1
BRDA:1084,40,0,0
BRDA:1084,40,1,2
BRDA:1132,41,0,0
BRDA:1132,41,1,0
BRDA:1160,42,0,0
BRDA:1160,42,1,0
BRDA:1194,43,0,0
BRDA:1194,43,1,0
BRDA:1231,44,0,1
BRDA:1231,44,1,1
BRDA:1232,45,0,0
BRDA:1232,45,1,2
BRDA:1261,46,0,0
BRDA:1261,46,1,0
BRDA:1296,47,0,0
BRDA:1296,47,1,0
BRDA:1352,48,0,0
BRDA:1352,48,1,0
BRDA:1354,49,0,0
BRDA:1354,49,1,0
BRDA:1355,50,0,0
BRDA:1355,50,1,0
BRDA:1391,51,0,0
BRDA:1391,51,1,0
BRDA:1424,52,0,0
BRDA:1424,52,1,0
BRDA:1454,53,0,0
BRDA:1454,53,1,0
BRDA:1490,54,0,0
BRDA:1490,54,1,0
BRDA:1491,55,0,0
BRDA:1491,55,1,0
BRDA:1537,56,0,0
BRDA:1537,56,1,0
BRDA:1539,57,0,0
BRDA:1539,57,1,0
BRDA:1559,58,0,0
BRDA:1559,58,1,0
BRDA:1589,59,0,0
BRDA:1589,59,1,0
BRDA:1610,60,0,0
BRDA:1610,60,1,0
BRDA:1641,61,0,0
BRDA:1641,61,1,0
BRDA:1659,62,0,0
BRDA:1659,62,1,0
BRDA:1690,63,0,0
BRDA:1690,63,1,0
BRDA:1717,64,0,0
BRDA:1717,64,1,0
BRDA:1752,65,0,0
BRDA:1752,65,1,0
BRDA:1753,66,0,0
BRDA:1753,66,1,0
BRDA:1788,67,0,0
BRDA:1788,67,1,0
BRDA:1813,68,0,0
BRDA:1813,68,1,0
BRF:136
BRH:20
end_of_record
TN:
SF:src/helpers/checker.ts
FN:49,runChecker
FN:63,(anonymous_1)
FN:69,(anonymous_2)
FN:76,(anonymous_3)
FN:108,ensureCheckerExists
FN:129,testCheckerItself
FN:173,makeCheckerTests
FN:215,runCheckerTests
FN:275,parseCheckerTests
FN:276,(anonymous_9)
FN:278,(anonymous_10)
FN:314,compileChecker
FN:348,getExpectedCheckerVerdict
FNF:13
FNH:2
FNDA:0,runChecker
FNDA:0,(anonymous_1)
FNDA:0,(anonymous_2)
FNDA:0,(anonymous_3)
FNDA:4,ensureCheckerExists
FNDA:0,testCheckerItself
FNDA:0,makeCheckerTests
FNDA:0,runCheckerTests
FNDA:0,parseCheckerTests
FNDA:0,(anonymous_9)
FNDA:0,(anonymous_10)
FNDA:3,compileChecker
FNDA:0,getExpectedCheckerVerdict
DA:56,0
DA:57,0
DA:64,0
DA:65,0
DA:67,0
DA:70,0
DA:73,0
DA:74,0
DA:77,0
DA:80,0
DA:81,0
DA:86,0
DA:91,0
DA:111,4
DA:112,1
DA:130,0
DA:131,0
DA:133,0
DA:134,0
DA:137,0
DA:140,0
DA:143,0
DA:144,0
DA:147,0
DA:150,0
DA:151,0
DA:153,0
DA:155,0
DA:156,0
DA:174,0
DA:176,0
DA:178,0
DA:179,0
DA:184,0
DA:189,0
DA:195,0
DA:196,0
DA:197,0
DA:216,0
DA:217,0
DA:218,0
DA:219,0
DA:221,0
DA:223,0
DA:224,0
DA:225,0
DA:226,0
DA:228,0
DA:229,0
DA:237,0
DA:238,0
DA:244,0
DA:246,0
DA:249,0
DA:276,0
DA:277,0
DA:278,0
DA:279,0
DA:280,0
DA:282,0
DA:283,0
DA:284,0
DA:285,0
DA:287,0
DA:290,0
DA:315,3
DA:316,3
DA:325,3
DA:327,3
DA:349,0
DA:356,0
DA:359,0
DA:361,0
DA:363,0
LF:74
LH:6
BRDA:64,0,0,0
BRDA:64,0,1,0
BRDA:65,1,0,0
BRDA:65,1,1,0
BRDA:86,2,0,0
BRDA:86,2,1,0
BRDA:86,3,0,0
BRDA:86,3,1,0
BRDA:86,3,2,0
BRDA:111,4,0,1
BRDA:111,4,1,3
BRDA:133,5,0,0
BRDA:133,5,1,0
BRDA:143,6,0,0
BRDA:143,6,1,0
BRDA:249,7,0,0
BRDA:249,7,1,0
BRDA:279,8,0,0
BRDA:279,8,1,0
BRDA:284,9,0,0
BRDA:284,9,1,0
BRDA:316,10,0,1
BRDA:316,10,1,2
BRDA:327,11,0,3
BRDA:327,11,1,0
BRDA:349,12,0,0
BRDA:349,12,1,0
BRDA:349,12,2,0
BRDA:349,12,3,0
BRDA:349,12,4,0
BRDA:349,12,5,0
BRDA:349,12,6,0
BRDA:349,12,7,0
BRDA:349,12,8,0
BRDA:349,12,9,0
BRF:35
BRH:5
end_of_record
TN:
SF:src/helpers/generator.ts
FN:41,runGenerator
FN:53,(anonymous_1)
FN:60,(anonymous_2)
FN:86,ensureGeneratorsExist
FN:106,compileGenerator
FN:137,compileAllGenerators
FN:146,(anonymous_6)
FN:180,compileGeneratorsForTestsets
FN:199,(anonymous_8)
FN:230,executeGeneratorScript
FN:297,copyManualTest
FN:301,(anonymous_11)
FN:307,(anonymous_12)
FNF:13
FNH:2
FNDA:0,runGenerator
FNDA:0,(anonymous_1)
FNDA:0,(anonymous_2)
FNDA:4,ensureGeneratorsExist
FNDA:3,compileGenerator
FNDA:0,compileAllGenerators
FNDA:0,(anonymous_6)
FNDA:0,compileGeneratorsForTestsets
FNDA:0,(anonymous_8)
FNDA:0,executeGeneratorScript
FNDA:0,copyManualTest
FNDA:0,(anonymous_11)
FNDA:0,(anonymous_12)
DA:46,0
DA:47,0
DA:54,0
DA:57,0
DA:58,0
DA:61,0
DA:64,0
DA:65,0
DA:89,4
DA:90,2
DA:107,3
DA:108,3
DA:109,1
DA:113,2
DA:114,0
DA:116,3
DA:141,0
DA:143,0
DA:144,0
DA:145,0
DA:146,0
DA:147,0
DA:148,0
DA:152,0
DA:153,0
DA:154,0
DA:159,0
DA:165,0
DA:184,0
DA:187,0
DA:188,0
DA:189,0
DA:190,0
DA:191,0
DA:198,0
DA:199,0
DA:200,0
DA:201,0
DA:205,0
DA:235,0
DA:236,0
DA:237,0
DA:240,0
DA:241,0
DA:242,0
DA:243,0
DA:245,0
DA:246,0
DA:247,0
DA:248,0
DA:250,0
DA:251,0
DA:252,0
DA:254,0
DA:255,0
DA:256,0
DA:258,0
DA:259,0
DA:263,0
DA:264,0
DA:265,0
DA:266,0
DA:267,0
DA:270,0
DA:273,0
DA:274,0
DA:280,0
DA:281,0
DA:301,0
DA:302,0
DA:303,0
DA:304,0
DA:307,0
DA:308,0
DA:309,0
DA:311,0
LF:76
LH:7
BRDA:89,0,0,2
BRDA:89,0,1,2
BRDA:89,1,0,4
BRDA:89,1,1,3
BRDA:108,2,0,1
BRDA:108,2,1,2
BRDA:116,3,0,3
BRDA:116,3,1,0
BRDA:144,4,0,0
BRDA:144,4,1,0
BRDA:144,5,0,0
BRDA:144,5,1,0
BRDA:145,6,0,0
BRDA:145,6,1,0
BRDA:147,7,0,0
BRDA:147,7,1,0
BRDA:188,8,0,0
BRDA:188,8,1,0
BRDA:190,9,0,0
BRDA:190,9,1,0
BRDA:190,10,0,0
BRDA:190,10,1,0
BRDA:200,11,0,0
BRDA:200,11,1,0
BRDA:236,12,0,0
BRDA:236,12,1,0
BRDA:248,13,0,0
BRDA:248,13,1,0
BRDA:248,14,0,0
BRDA:248,14,1,0
BRDA:252,15,0,0
BRDA:252,15,1,0
BRDA:252,16,0,0
BRDA:252,16,1,0
BRDA:255,17,0,0
BRDA:255,17,1,0
BRDA:258,18,0,0
BRDA:258,18,1,0
BRDA:258,19,0,0
BRDA:258,19,1,0
BRDA:280,20,0,0
BRDA:280,20,1,0
BRDA:303,21,0,0
BRDA:303,21,1,0
BRDA:308,22,0,0
BRDA:308,22,1,0
BRF:46
BRH:7
end_of_record
TN:
SF:src/helpers/script-parser.ts
FN:11,validateGeneratorCommands
FNF:1
FNH:1
FNDA:22,validateGeneratorCommands
DA:15,22
DA:16,29
DA:17,21
DA:18,1
DA:20,20
DA:21,3
DA:26,8
DA:27,8
DA:28,1
DA:30,7
DA:31,7
DA:32,1
LF:12
LH:12
BRDA:16,0,0,21
BRDA:16,0,1,8
BRDA:17,1,0,1
BRDA:17,1,1,20
BRDA:20,2,0,3
BRDA:20,2,1,17
BRDA:26,3,0,8
BRDA:26,3,1,0
BRDA:27,4,0,1
BRDA:27,4,1,7
BRDA:31,5,0,1
BRDA:31,5,1,6
BRF:12
BRH:11
end_of_record
TN:
SF:src/helpers/solution.ts
FN:42,validateSolutionsExist
FN:63,findMatchingSolutions
FN:68,(anonymous_2)
FN:107,runSolution
FN:139,(anonymous_4)
FN:142,(anonymous_5)
FN:145,(anonymous_6)
FN:170,ensureOutputDirectory
FN:207,compileSolution
FN:238,compileAllSolutions
FN:241,(anonymous_10)
FN:259,runSolutionOnSingleTest
FN:307,runSolutionOnTestset
FN:386,runSolutionOnGroup
FN:402,(anonymous_14)
FN:474,runSolutionOnAllTestsets
FN:515,testSolutionAgainstMainCorrect
FN:531,(anonymous_17)
FN:592,ensureMainSolutionExists
FN:623,ensureSolutionExists
FN:652,getMainSolution
FN:685,startTheComparisonProcess
FN:759,createVerdictTracker
FN:784,writeErrorOutputAndThrow
FN:804,writeTimeoutOutputAndThrow
FN:824,writeMemoryOutputAndThrow
FN:854,checkIfShouldSkipRest
FN:894,validateMainSolutionOutput
FN:919,validateTargetSolutionOutput
FN:948,shouldSkipCheckerComparison
FN:979,validateExpectedVerdicts
FN:1054,isTLE
FN:1069,isMLE
FN:1084,isRTE
FN:1100,isTLTag
FN:1119,isMLTag
FN:1137,isRTETag
FN:1155,isWATag
FNF:38
FNH:5
FNDA:4,validateSolutionsExist
FNDA:5,findMatchingSolutions
FNDA:14,(anonymous_2)
FNDA:0,runSolution
FNDA:0,(anonymous_4)
FNDA:0,(anonymous_5)
FNDA:0,(anonymous_6)
FNDA:0,ensureOutputDirectory
FNDA:0,compileSolution
FNDA:0,compileAllSolutions
FNDA:0,(anonymous_10)
FNDA:0,runSolutionOnSingleTest
FNDA:0,runSolutionOnTestset
FNDA:0,runSolutionOnGroup
FNDA:0,(anonymous_14)
FNDA:0,runSolutionOnAllTestsets
FNDA:0,testSolutionAgainstMainCorrect
FNDA:0,(anonymous_17)
FNDA:2,ensureMainSolutionExists
FNDA:0,ensureSolutionExists
FNDA:3,getMainSolution
FNDA:0,startTheComparisonProcess
FNDA:0,createVerdictTracker
FNDA:0,writeErrorOutputAndThrow
FNDA:0,writeTimeoutOutputAndThrow
FNDA:0,writeMemoryOutputAndThrow
FNDA:0,checkIfShouldSkipRest
FNDA:0,validateMainSolutionOutput
FNDA:0,validateTargetSolutionOutput
FNDA:0,shouldSkipCheckerComparison
FNDA:0,validateExpectedVerdicts
FNDA:0,isTLE
FNDA:0,isMLE
FNDA:0,isRTE
FNDA:0,isTLTag
FNDA:0,isMLTag
FNDA:0,isRTETag
FNDA:0,isWATag
DA:45,4
DA:46,2
DA:67,5
DA:68,14
DA:71,5
DA:72,2
DA:77,3
DA:115,0
DA:122,0
DA:130,0
DA:131,0
DA:133,0
DA:140,0
DA:143,0
DA:146,0
DA:174,0
DA:182,0
DA:183,0
DA:185,0
DA:208,0
DA:210,0
DA:212,0
DA:213,0
DA:216,0
DA:218,0
DA:219,0
DA:221,0
DA:241,0
DA:265,0
DA:269,0
DA:270,0
DA:271,0
DA:273,0
DA:275,0
DA:284,0
DA:286,0
DA:287,0
DA:312,0
DA:315,0
DA:317,0
DA:318,0
DA:319,0
DA:321,0
DA:322,0
DA:324,0
DA:325,0
DA:326,0
DA:328,0
DA:329,0
DA:339,0
DA:342,0
DA:346,0
DA:347,0
DA:352,0
DA:353,0
DA:356,0
DA:357,0
DA:359,0
DA:360,0
DA:364,0
DA:368,0
DA:392,0
DA:395,0
DA:397,0
DA:398,0
DA:399,0
DA:401,0
DA:402,0
DA:404,0
DA:405,0
DA:410,0
DA:411,0
DA:412,0
DA:413,0
DA:414,0
DA:415,0
DA:425,0
DA:428,0
DA:431,0
DA:432,0
DA:433,0
DA:437,0
DA:438,0
DA:443,0
DA:444,0
DA:447,0
DA:448,0
DA:450,0
DA:451,0
DA:455,0
DA:457,0
DA:479,0
DA:481,0
DA:482,0
DA:483,0
DA:485,0
DA:486,0
DA:490,0
DA:491,0
DA:516,0
DA:517,0
DA:518,0
DA:519,0
DA:520,0
DA:522,0
DA:523,0
DA:526,0
DA:527,0
DA:528,0
DA:530,0
DA:531,0
DA:533,0
DA:536,0
DA:539,0
DA:541,0
DA:544,0
DA:545,0
DA:547,0
DA:548,0
DA:549,0
DA:552,0
DA:555,0
DA:556,0
DA:561,0
DA:564,0
DA:565,0
DA:572,0
DA:575,0
DA:595,2
DA:596,0
DA:599,2
DA:600,2
DA:601,1
DA:605,1
DA:627,0
DA:628,0
DA:631,0
DA:632,0
DA:633,0
DA:637,0
DA:653,3
DA:654,4
DA:655,2
DA:659,1
DA:691,0
DA:692,0
DA:693,0
DA:695,0
DA:696,0
DA:700,0
DA:704,0
DA:705,0
DA:707,0
DA:708,0
DA:716,0
DA:719,0
DA:720,0
DA:721,0
DA:722,0
DA:724,0
DA:725,0
DA:733,0
DA:734,0
DA:735,0
DA:736,0
DA:741,0
DA:743,0
DA:745,0
DA:760,0
DA:785,0
DA:786,0
DA:805,0
DA:806,0
DA:825,0
DA:826,0
DA:860,0
DA:861,0
DA:865,0
DA:866,0
DA:869,0
DA:870,0
DA:872,0
DA:873,0
DA:875,0
DA:895,0
DA:896,0
DA:898,0
DA:899,0
DA:901,0
DA:902,0
DA:923,0
DA:924,0
DA:927,0
DA:928,0
DA:931,0
DA:932,0
DA:949,0
DA:950,0
DA:951,0
DA:952,0
DA:983,0
DA:984,0
DA:985,0
DA:990,0
DA:991,0
DA:992,0
DA:998,0
DA:999,0
DA:1000,0
DA:1006,0
DA:1007,0
DA:1008,0
DA:1013,0
DA:1014,0
DA:1019,0
DA:1020,0
DA:1025,0
DA:1026,0
DA:1030,0
DA:1037,0
DA:1055,0
DA:1070,0
DA:1085,0
DA:1104,0
DA:1122,0
DA:1140,0
DA:1159,0
LF:227
LH:16
BRDA:45,0,0,2
BRDA:45,0,1,2
BRDA:45,1,0,4
BRDA:45,1,1,3
BRDA:68,2,0,14
BRDA:68,2,1,11
BRDA:71,3,0,2
BRDA:71,3,1,3
BRDA:130,4,0,0
BRDA:130,4,1,0
BRDA:174,5,0,0
BRDA:174,5,1,0
BRDA:182,6,0,0
BRDA:182,6,1,0
BRDA:210,7,0,0
BRDA:210,7,1,0
BRDA:210,7,2,0
BRDA:210,7,3,0
BRDA:286,8,0,0
BRDA:286,8,1,0
BRDA:325,9,0,0
BRDA:325,9,1,0
BRDA:339,10,0,0
BRDA:339,10,1,0
BRDA:346,11,0,0
BRDA:346,11,1,0
BRDA:352,12,0,0
BRDA:352,12,1,0
BRDA:404,13,0,0
BRDA:404,13,1,0
BRDA:412,14,0,0
BRDA:412,14,1,0
BRDA:425,15,0,0
BRDA:425,15,1,0
BRDA:432,16,0,0
BRDA:432,16,1,0
BRDA:437,17,0,0
BRDA:437,17,1,0
BRDA:443,18,0,0
BRDA:443,18,1,0
BRDA:485,19,0,0
BRDA:485,19,1,0
BRDA:490,20,0,0
BRDA:490,20,1,0
BRDA:520,21,0,0
BRDA:520,21,1,0
BRDA:522,22,0,0
BRDA:522,22,1,0
BRDA:547,23,0,0
BRDA:547,23,1,0
BRDA:595,24,0,0
BRDA:595,24,1,2
BRDA:595,25,0,2
BRDA:595,25,1,2
BRDA:600,26,0,1
BRDA:600,26,1,1
BRDA:627,27,0,0
BRDA:627,27,1,0
BRDA:627,28,0,0
BRDA:627,28,1,0
BRDA:632,29,0,0
BRDA:632,29,1,0
BRDA:654,30,0,2
BRDA:654,30,1,2
BRDA:708,31,0,0
BRDA:708,31,1,0
BRDA:733,32,0,0
BRDA:733,32,1,0
BRDA:865,33,0,0
BRDA:865,33,1,0
BRDA:895,34,0,0
BRDA:895,34,1,0
BRDA:898,35,0,0
BRDA:898,35,1,0
BRDA:901,36,0,0
BRDA:901,36,1,0
BRDA:923,37,0,0
BRDA:923,37,1,0
BRDA:927,38,0,0
BRDA:927,38,1,0
BRDA:931,39,0,0
BRDA:931,39,1,0
BRDA:949,40,0,0
BRDA:949,40,1,0
BRDA:950,41,0,0
BRDA:950,41,1,0
BRDA:951,42,0,0
BRDA:951,42,1,0
BRDA:983,43,0,0
BRDA:983,43,1,0
BRDA:984,44,0,0
BRDA:984,44,1,0
BRDA:990,45,0,0
BRDA:990,45,1,0
BRDA:991,46,0,0
BRDA:991,46,1,0
BRDA:998,47,0,0
BRDA:998,47,1,0
BRDA:999,48,0,0
BRDA:999,48,1,0
BRDA:1006,49,0,0
BRDA:1006,49,1,0
BRDA:1007,50,0,0
BRDA:1007,50,1,0
BRDA:1013,51,0,0
BRDA:1013,51,1,0
BRDA:1013,52,0,0
BRDA:1013,52,1,0
BRDA:1019,53,0,0
BRDA:1019,53,1,0
BRDA:1019,54,0,0
BRDA:1019,54,1,0
BRDA:1025,55,0,0
BRDA:1025,55,1,0
BRDA:1025,56,0,0
BRDA:1025,56,1,0
BRDA:1030,57,0,0
BRDA:1030,57,1,0
BRDA:1031,58,0,0
BRDA:1031,58,1,0
BRDA:1031,58,2,0
BRDA:1031,58,3,0
BRDA:1031,58,4,0
BRDA:1104,59,0,0
BRDA:1104,59,1,0
BRDA:1104,59,2,0
BRDA:1122,60,0,0
BRDA:1122,60,1,0
BRDA:1140,61,0,0
BRDA:1140,61,1,0
BRDA:1159,62,0,0
BRDA:1159,62,1,0
BRDA:1159,62,2,0
BRF:133
BRH:15
end_of_record
TN:
SF:src/helpers/testset.ts
FN:23,ensureTestsetsExist
FN:40,findTestset
FN:44,(anonymous_2)
FN:46,(anonymous_3)
FN:64,getGeneratorCommands
FN:95,generateTestsForTestset
FN:102,(anonymous_6)
FN:124,generateSingleTest
FN:138,(anonymous_8)
FN:162,generateTestsForGroup
FN:172,(anonymous_10)
FN:177,(anonymous_11)
FN:177,(anonymous_12)
FN:184,(anonymous_13)
FN:203,generateAllTestsets
FN:222,listTestsets
FN:223,(anonymous_16)
FN:227,(anonymous_17)
FNF:18
FNH:8
FNDA:4,ensureTestsetsExist
FNDA:5,findTestset
FNDA:11,(anonymous_2)
FNDA:9,(anonymous_3)
FNDA:6,getGeneratorCommands
FNDA:0,generateTestsForTestset
FNDA:0,(anonymous_6)
FNDA:0,generateSingleTest
FNDA:0,(anonymous_8)
FNDA:0,generateTestsForGroup
FNDA:0,(anonymous_10)
FNDA:0,(anonymous_11)
FNDA:0,(anonymous_12)
FNDA:0,(anonymous_13)
FNDA:0,generateAllTestsets
FNDA:4,listTestsets
FNDA:6,(anonymous_16)
FNDA:2,(anonymous_17)
DA:26,4
DA:27,2
DA:44,11
DA:45,5
DA:46,9
DA:47,3
DA:51,2
DA:67,6
DA:68,1
DA:73,5
DA:76,5
DA:77,4
DA:80,1
DA:100,0
DA:102,0
DA:103,0
DA:106,0
DA:108,0
DA:110,0
DA:130,0
DA:132,0
DA:133,0
DA:138,0
DA:139,0
DA:141,0
DA:144,0
DA:146,0
DA:148,0
DA:168,0
DA:171,0
DA:172,0
DA:175,0
DA:176,0
DA:177,0
DA:179,0
DA:184,0
DA:185,0
DA:188,0
DA:190,0
DA:192,0
DA:207,0
DA:208,0
DA:209,0
DA:211,0
DA:223,4
DA:224,6
DA:227,6
DA:229,6
LF:48
LH:17
BRDA:26,0,0,2
BRDA:26,0,1,2
BRDA:26,1,0,4
BRDA:26,1,1,3
BRDA:45,2,0,3
BRDA:45,2,1,2
BRDA:67,3,0,1
BRDA:67,3,1,5
BRDA:76,4,0,4
BRDA:76,4,1,1
BRDA:76,5,0,5
BRDA:76,5,1,5
BRDA:106,6,0,0
BRDA:106,6,1,0
BRDA:132,7,0,0
BRDA:132,7,1,0
BRDA:132,8,0,0
BRDA:132,8,1,0
BRDA:144,9,0,0
BRDA:144,9,1,0
BRDA:172,10,0,0
BRDA:172,10,1,0
BRDA:175,11,0,0
BRDA:175,11,1,0
BRDA:180,12,0,0
BRDA:180,12,1,0
BRDA:188,13,0,0
BRDA:188,13,1,0
BRDA:224,14,0,1
BRDA:224,14,1,5
BRDA:227,15,0,6
BRDA:227,15,1,5
BRF:32
BRH:16
end_of_record
TN:
SF:src/helpers/utils.ts
FN:46,compileCPP
FN:74,compileJava
FN:97,filterTestsByRange
FN:106,(anonymous_3)
FN:130,getTestFiles
FN:133,(anonymous_5)
FN:134,(anonymous_6)
FN:152,readConfigFile
FN:174,isNumeric
FN:191,logError
FN:206,logErrorAndExit
FN:226,logErrorAndThrow
FN:243,throwError
FN:259,ensureDirectoryExists
FN:275,removeDirectoryRecursively
FN:295,readFirstLine
FN:299,(anonymous_16)
FN:301,(anonymous_17)
FN:309,(anonymous_18)
FN:313,(anonymous_19)
FN:319,getCompiledCommandToRun
FNF:21
FNH:15
FNDA:7,compileCPP
FNDA:0,compileJava
FNDA:6,filterTestsByRange
FNDA:28,(anonymous_3)
FNDA:3,getTestFiles
FNDA:10,(anonymous_5)
FNDA:12,(anonymous_6)
FNDA:3,readConfigFile
FNDA:8,isNumeric
FNDA:0,logError
FNDA:0,logErrorAndExit
FNDA:0,logErrorAndThrow
FNDA:0,throwError
FNDA:3,ensureDirectoryExists
FNDA:2,removeDirectoryRecursively
FNDA:4,readFirstLine
FNDA:4,(anonymous_16)
FNDA:3,(anonymous_17)
FNDA:2,(anonymous_18)
FNDA:0,(anonymous_19)
FNDA:6,getCompiledCommandToRun
DA:18,6
DA:21,6
DA:24,6
DA:27,6
DA:31,6
DA:47,7
DA:49,7
DA:50,1
DA:53,6
DA:54,6
DA:56,6
DA:75,0
DA:77,0
DA:102,6
DA:103,1
DA:106,5
DA:107,28
DA:109,26
DA:110,26
DA:112,26
DA:131,3
DA:133,10
DA:135,12
DA:136,12
DA:137,12
DA:153,3
DA:154,3
DA:155,3
DA:156,3
DA:158,2
DA:175,8
DA:192,0
DA:193,0
DA:207,0
DA:208,0
DA:227,0
DA:228,0
DA:244,0
DA:260,3
DA:261,3
DA:262,2
DA:276,2
DA:277,2
DA:278,1
DA:298,4
DA:299,4
DA:300,4
DA:301,4
DA:302,3
DA:303,3
DA:304,3
DA:305,2
DA:306,2
DA:309,4
DA:310,2
DA:311,2
DA:313,4
DA:314,0
DA:322,6
DA:323,1
DA:324,1
DA:333,5
DA:334,5
DA:336,5
DA:338,1
DA:340,1
DA:341,1
DA:342,1
DA:343,1
DA:346,1
DA:348,1
DA:350,1
LF:72
LH:62
BRDA:24,0,0,0
BRDA:24,0,1,6
BRDA:27,1,0,0
BRDA:27,1,1,6
BRDA:31,2,0,0
BRDA:31,2,1,6
BRDA:49,3,0,1
BRDA:49,3,1,6
BRDA:102,4,0,1
BRDA:102,4,1,5
BRDA:102,5,0,6
BRDA:102,5,1,5
BRDA:107,6,0,2
BRDA:107,6,1,26
BRDA:113,7,0,26
BRDA:113,7,1,26
BRDA:113,7,2,15
BRDA:158,8,0,2
BRDA:158,8,1,0
BRDA:191,9,0,0
BRDA:192,10,0,0
BRDA:192,10,1,0
BRDA:226,11,0,0
BRDA:243,12,0,0
BRDA:244,13,0,0
BRDA:244,13,1,0
BRDA:261,14,0,2
BRDA:261,14,1,1
BRDA:277,15,0,1
BRDA:277,15,1,1
BRDA:304,16,0,2
BRDA:304,16,1,1
BRDA:311,17,0,2
BRDA:311,17,1,1
BRDA:322,18,0,1
BRDA:322,18,1,5
BRDA:322,19,0,6
BRDA:322,19,1,1
BRDA:336,20,0,1
BRDA:336,20,1,1
BRDA:336,20,2,1
BRDA:336,20,3,1
BRDA:336,20,4,1
BRF:43
BRH:32
end_of_record
TN:
SF:src/helpers/validator.ts
FN:41,compileValidator
FN:71,runValidator
FN:83,(anonymous_2)
FN:88,(anonymous_3)
FN:95,(anonymous_4)
FN:125,validateSingleTest
FN:163,validateTestset
FN:217,validateGroup
FN:300,validateAllTestsets
FN:332,ensureValidatorExists
FN:353,testValidatorItself
FN:389,makeValidatorTests
FN:417,runValidatorTests
FN:465,parseValidatorTests
FN:466,(anonymous_14)
FN:468,(anonymous_15)
FNF:16
FNH:2
FNDA:3,compileValidator
FNDA:0,runValidator
FNDA:0,(anonymous_2)
FNDA:0,(anonymous_3)
FNDA:0,(anonymous_4)
FNDA:0,validateSingleTest
FNDA:0,validateTestset
FNDA:0,validateGroup
FNDA:0,validateAllTestsets
FNDA:4,ensureValidatorExists
FNDA:0,testValidatorItself
FNDA:0,makeValidatorTests
FNDA:0,runValidatorTests
FNDA:0,parseValidatorTests
FNDA:0,(anonymous_14)
FNDA:0,(anonymous_15)
DA:44,3
DA:45,3
DA:46,1
DA:48,2
DA:50,3
DA:76,0
DA:77,0
DA:84,0
DA:85,0
DA:86,0
DA:89,0
DA:92,0
DA:93,0
DA:96,0
DA:99,0
DA:100,0
DA:107,0
DA:108,0
DA:130,0
DA:131,0
DA:132,0
DA:133,0
DA:135,0
DA:136,0
DA:139,0
DA:140,0
DA:142,0
DA:147,0
DA:167,0
DA:168,0
DA:169,0
DA:170,0
DA:172,0
DA:173,0
DA:176,0
DA:178,0
DA:179,0
DA:182,0
DA:183,0
DA:184,0
DA:185,0
DA:187,0
DA:188,0
DA:196,0
DA:198,0
DA:201,0
DA:222,0
DA:223,0
DA:224,0
DA:225,0
DA:227,0
DA:228,0
DA:232,0
DA:235,0
DA:236,0
DA:238,0
DA:239,0
DA:240,0
DA:241,0
DA:242,0
DA:243,0
DA:244,0
DA:247,0
DA:248,0
DA:252,0
DA:253,0
DA:254,0
DA:256,0
DA:261,0
DA:262,0
DA:265,0
DA:266,0
DA:267,0
DA:268,0
DA:270,0
DA:271,0
DA:279,0
DA:281,0
DA:284,0
DA:285,0
DA:304,0
DA:305,0
DA:306,0
DA:307,0
DA:309,0
DA:310,0
DA:314,0
DA:315,0
DA:335,4
DA:336,1
DA:354,0
DA:355,0
DA:356,0
DA:358,0
DA:359,0
DA:362,0
DA:365,0
DA:366,0
DA:368,0
DA:370,0
DA:371,0
DA:390,0
DA:392,0
DA:393,0
DA:394,0
DA:399,0
DA:418,0
DA:419,0
DA:420,0
DA:421,0
DA:423,0
DA:424,0
DA:425,0
DA:426,0
DA:432,0
DA:433,0
DA:439,0
DA:441,0
DA:444,0
DA:466,0
DA:467,0
DA:468,0
DA:469,0
DA:470,0
DA:472,0
DA:473,0
DA:474,0
DA:475,0
DA:477,0
DA:480,0
LF:130
LH:7
BRDA:45,0,0,1
BRDA:45,0,1,2
BRDA:50,1,0,3
BRDA:50,1,1,0
BRDA:85,2,0,0
BRDA:85,2,1,0
BRDA:86,3,0,0
BRDA:86,3,1,0
BRDA:107,4,0,0
BRDA:107,4,1,0
BRDA:107,5,0,0
BRDA:107,5,1,0
BRDA:135,6,0,0
BRDA:135,6,1,0
BRDA:143,7,0,0
BRDA:143,7,1,0
BRDA:172,8,0,0
BRDA:172,8,1,0
BRDA:178,9,0,0
BRDA:178,9,1,0
BRDA:190,10,0,0
BRDA:190,10,1,0
BRDA:201,11,0,0
BRDA:201,11,1,0
BRDA:227,12,0,0
BRDA:227,12,1,0
BRDA:239,13,0,0
BRDA:239,13,1,0
BRDA:240,14,0,0
BRDA:240,14,1,0
BRDA:240,15,0,0
BRDA:240,15,1,0
BRDA:252,16,0,0
BRDA:252,16,1,0
BRDA:252,17,0,0
BRDA:252,17,1,0
BRDA:261,18,0,0
BRDA:261,18,1,0
BRDA:273,19,0,0
BRDA:273,19,1,0
BRDA:284,20,0,0
BRDA:284,20,1,0
BRDA:314,21,0,0
BRDA:314,21,1,0
BRDA:335,22,0,1
BRDA:335,22,1,3
BRDA:358,23,0,0
BRDA:358,23,1,0
BRDA:444,24,0,0
BRDA:444,24,1,0
BRDA:469,25,0,0
BRDA:469,25,1,0
BRDA:474,26,0,0
BRDA:474,26,1,0
BRF:54
BRH:5
end_of_record
